
Exe/run:     file format elf64-x86-64


Disassembly of section .interp:

0000000000400318 <.interp>:
  400318:	2f                   	(bad)  
  400319:	6c                   	insb   (%dx),%es:(%rdi)
  40031a:	69 62 36 34 2f 6c 64 	imul   $0x646c2f34,0x36(%rdx),%esp
  400321:	2d 6c 69 6e 75       	sub    $0x756e696c,%eax
  400326:	78 2d                	js     400355 <__abi_tag-0x3>
  400328:	78 38                	js     400362 <__abi_tag+0xa>
  40032a:	36 2d 36 34 2e 73    	ss sub $0x732e3436,%eax
  400330:	6f                   	outsl  %ds:(%rsi),(%dx)
  400331:	2e 32 00             	cs xor (%rax),%al

Disassembly of section .note.gnu.property:

0000000000400338 <.note.gnu.property>:
  400338:	04 00                	add    $0x0,%al
  40033a:	00 00                	add    %al,(%rax)
  40033c:	10 00                	adc    %al,(%rax)
  40033e:	00 00                	add    %al,(%rax)
  400340:	05 00 00 00 47       	add    $0x47000000,%eax
  400345:	4e 55                	rex.WRX push %rbp
  400347:	00 02                	add    %al,(%rdx)
  400349:	80 00 c0             	addb   $0xc0,(%rax)
  40034c:	04 00                	add    $0x0,%al
  40034e:	00 00                	add    %al,(%rax)
  400350:	01 00                	add    %eax,(%rax)
  400352:	00 00                	add    %al,(%rax)
  400354:	00 00                	add    %al,(%rax)
	...

Disassembly of section .note.ABI-tag:

0000000000400358 <__abi_tag>:
  400358:	04 00                	add    $0x0,%al
  40035a:	00 00                	add    %al,(%rax)
  40035c:	10 00                	adc    %al,(%rax)
  40035e:	00 00                	add    %al,(%rax)
  400360:	01 00                	add    %eax,(%rax)
  400362:	00 00                	add    %al,(%rax)
  400364:	47                   	rex.RXB
  400365:	4e 55                	rex.WRX push %rbp
  400367:	00 00                	add    %al,(%rax)
  400369:	00 00                	add    %al,(%rax)
  40036b:	00 03                	add    %al,(%rbx)
  40036d:	00 00                	add    %al,(%rax)
  40036f:	00 02                	add    %al,(%rdx)
  400371:	00 00                	add    %al,(%rax)
  400373:	00 00                	add    %al,(%rax)
  400375:	00 00                	add    %al,(%rax)
	...

Disassembly of section .hash:

0000000000400378 <.hash>:
  400378:	03 00                	add    (%rax),%eax
  40037a:	00 00                	add    %al,(%rax)
  40037c:	06                   	(bad)  
  40037d:	00 00                	add    %al,(%rax)
  40037f:	00 05 00 00 00 04    	add    %al,0x4000000(%rip)        # 4400385 <_end+0x3ffc33d>
  400385:	00 00                	add    %al,(%rax)
  400387:	00 01                	add    %al,(%rcx)
	...
  400399:	00 00                	add    %al,(%rax)
  40039b:	00 02                	add    %al,(%rdx)
  40039d:	00 00                	add    %al,(%rax)
  40039f:	00 03                	add    %al,(%rbx)
  4003a1:	00 00                	add    %al,(%rax)
	...

Disassembly of section .gnu.hash:

00000000004003a8 <.gnu.hash>:
  4003a8:	01 00                	add    %eax,(%rax)
  4003aa:	00 00                	add    %al,(%rax)
  4003ac:	01 00                	add    %eax,(%rax)
  4003ae:	00 00                	add    %al,(%rax)
  4003b0:	01 00                	add    %eax,(%rax)
	...

Disassembly of section .dynsym:

00000000004003c8 <.dynsym>:
	...
  4003e0:	2f                   	(bad)  
  4003e1:	00 00                	add    %al,(%rax)
  4003e3:	00 12                	add    %dl,(%rdx)
	...
  4003f5:	00 00                	add    %al,(%rax)
  4003f7:	00 10                	add    %dl,(%rax)
  4003f9:	00 00                	add    %al,(%rax)
  4003fb:	00 12                	add    %dl,(%rdx)
	...
  40040d:	00 00                	add    %al,(%rax)
  40040f:	00 27                	add    %ah,(%rdi)
  400411:	00 00                	add    %al,(%rax)
  400413:	00 12                	add    %dl,(%rdx)
	...
  400425:	00 00                	add    %al,(%rax)
  400427:	00 22                	add    %ah,(%rdx)
  400429:	00 00                	add    %al,(%rax)
  40042b:	00 12                	add    %dl,(%rdx)
	...
  40043d:	00 00                	add    %al,(%rax)
  40043f:	00 01                	add    %al,(%rcx)
  400441:	00 00                	add    %al,(%rax)
  400443:	00 20                	add    %ah,(%rax)
	...

Disassembly of section .dynstr:

0000000000400458 <.dynstr>:
  400458:	00 5f 5f             	add    %bl,0x5f(%rdi)
  40045b:	67 6d                	insl   (%dx),%es:(%edi)
  40045d:	6f                   	outsl  %ds:(%rsi),(%dx)
  40045e:	6e                   	outsb  %ds:(%rsi),(%dx)
  40045f:	5f                   	pop    %rdi
  400460:	73 74                	jae    4004d6 <__abi_tag+0x17e>
  400462:	61                   	(bad)  
  400463:	72 74                	jb     4004d9 <__abi_tag+0x181>
  400465:	5f                   	pop    %rdi
  400466:	5f                   	pop    %rdi
  400467:	00 5f 5f             	add    %bl,0x5f(%rdi)
  40046a:	6c                   	insb   (%dx),%es:(%rdi)
  40046b:	69 62 63 5f 73 74 61 	imul   $0x6174735f,0x63(%rdx),%esp
  400472:	72 74                	jb     4004e8 <__abi_tag+0x190>
  400474:	5f                   	pop    %rdi
  400475:	6d                   	insl   (%dx),%es:(%rdi)
  400476:	61                   	(bad)  
  400477:	69 6e 00 70 75 74 73 	imul   $0x73747570,0x0(%rsi),%ebp
  40047e:	00 70 75             	add    %dh,0x75(%rax)
  400481:	74 63                	je     4004e6 <__abi_tag+0x18e>
  400483:	68 61 72 00 70       	push   $0x70007261
  400488:	72 69                	jb     4004f3 <__abi_tag+0x19b>
  40048a:	6e                   	outsb  %ds:(%rsi),(%dx)
  40048b:	74 66                	je     4004f3 <__abi_tag+0x19b>
  40048d:	00 6c 69 62          	add    %ch,0x62(%rcx,%rbp,2)
  400491:	73 74                	jae    400507 <__abi_tag+0x1af>
  400493:	64 63 2b             	movsxd %fs:(%rbx),%ebp
  400496:	2b 2e                	sub    (%rsi),%ebp
  400498:	73 6f                	jae    400509 <__abi_tag+0x1b1>
  40049a:	2e 36 00 6c 69 62    	cs ss add %ch,0x62(%rcx,%rbp,2)
  4004a0:	6d                   	insl   (%dx),%es:(%rdi)
  4004a1:	2e 73 6f             	jae,pn 400513 <__abi_tag+0x1bb>
  4004a4:	2e 36 00 6c 69 62    	cs ss add %ch,0x62(%rcx,%rbp,2)
  4004aa:	67 63 63 5f          	movsxd 0x5f(%ebx),%esp
  4004ae:	73 2e                	jae    4004de <__abi_tag+0x186>
  4004b0:	73 6f                	jae    400521 <__abi_tag+0x1c9>
  4004b2:	2e 31 00             	cs xor %eax,(%rax)
  4004b5:	6c                   	insb   (%dx),%es:(%rdi)
  4004b6:	69 62 63 2e 73 6f 2e 	imul   $0x2e6f732e,0x63(%rdx),%esp
  4004bd:	36 00 47 4c          	ss add %al,0x4c(%rdi)
  4004c1:	49                   	rex.WB
  4004c2:	42                   	rex.X
  4004c3:	43 5f                	rex.XB pop %r15
  4004c5:	32 2e                	xor    (%rsi),%ch
  4004c7:	33 34 00             	xor    (%rax,%rax,1),%esi
  4004ca:	47                   	rex.RXB
  4004cb:	4c                   	rex.WR
  4004cc:	49                   	rex.WB
  4004cd:	42                   	rex.X
  4004ce:	43 5f                	rex.XB pop %r15
  4004d0:	32 2e                	xor    (%rsi),%ch
  4004d2:	32 2e                	xor    (%rsi),%ch
  4004d4:	35                   	.byte 0x35
	...

Disassembly of section .gnu.version:

00000000004004d6 <.gnu.version>:
  4004d6:	00 00                	add    %al,(%rax)
  4004d8:	02 00                	add    (%rax),%al
  4004da:	03 00                	add    (%rax),%eax
  4004dc:	02 00                	add    (%rax),%al
  4004de:	02 00                	add    (%rax),%al
  4004e0:	01 00                	add    %eax,(%rax)

Disassembly of section .gnu.version_r:

00000000004004e8 <.gnu.version_r>:
  4004e8:	01 00                	add    %eax,(%rax)
  4004ea:	02 00                	add    (%rax),%al
  4004ec:	5d                   	pop    %rbp
  4004ed:	00 00                	add    %al,(%rax)
  4004ef:	00 10                	add    %dl,(%rax)
  4004f1:	00 00                	add    %al,(%rax)
  4004f3:	00 00                	add    %al,(%rax)
  4004f5:	00 00                	add    %al,(%rax)
  4004f7:	00 b4 91 96 06 00 00 	add    %dh,0x696(%rcx,%rdx,4)
  4004fe:	03 00                	add    (%rax),%eax
  400500:	67 00 00             	add    %al,(%eax)
  400503:	00 10                	add    %dl,(%rax)
  400505:	00 00                	add    %al,(%rax)
  400507:	00 75 1a             	add    %dh,0x1a(%rbp)
  40050a:	69 09 00 00 02 00    	imul   $0x20000,(%rcx),%ecx
  400510:	72 00                	jb     400512 <__abi_tag+0x1ba>
  400512:	00 00                	add    %al,(%rax)
  400514:	00 00                	add    %al,(%rax)
	...

Disassembly of section .rela.dyn:

0000000000400518 <.rela.dyn>:
  400518:	f0 3f                	lock (bad) 
  40051a:	40 00 00             	rex add %al,(%rax)
  40051d:	00 00                	add    %al,(%rax)
  40051f:	00 06                	add    %al,(%rsi)
  400521:	00 00                	add    %al,(%rax)
  400523:	00 02                	add    %al,(%rdx)
	...
  40052d:	00 00                	add    %al,(%rax)
  40052f:	00 f8                	add    %bh,%al
  400531:	3f                   	(bad)  
  400532:	40 00 00             	rex add %al,(%rax)
  400535:	00 00                	add    %al,(%rax)
  400537:	00 06                	add    %al,(%rsi)
  400539:	00 00                	add    %al,(%rax)
  40053b:	00 05 00 00 00 00    	add    %al,0x0(%rip)        # 400541 <__abi_tag+0x1e9>
  400541:	00 00                	add    %al,(%rax)
  400543:	00 00                	add    %al,(%rax)
  400545:	00 00                	add    %al,(%rax)
	...

Disassembly of section .rela.plt:

0000000000400548 <.rela.plt>:
  400548:	18 40 40             	sbb    %al,0x40(%rax)
  40054b:	00 00                	add    %al,(%rax)
  40054d:	00 00                	add    %al,(%rax)
  40054f:	00 07                	add    %al,(%rdi)
  400551:	00 00                	add    %al,(%rax)
  400553:	00 01                	add    %al,(%rcx)
	...
  40055d:	00 00                	add    %al,(%rax)
  40055f:	00 20                	add    %ah,(%rax)
  400561:	40                   	rex
  400562:	40 00 00             	rex add %al,(%rax)
  400565:	00 00                	add    %al,(%rax)
  400567:	00 07                	add    %al,(%rdi)
  400569:	00 00                	add    %al,(%rax)
  40056b:	00 03                	add    %al,(%rbx)
	...
  400575:	00 00                	add    %al,(%rax)
  400577:	00 28                	add    %ch,(%rax)
  400579:	40                   	rex
  40057a:	40 00 00             	rex add %al,(%rax)
  40057d:	00 00                	add    %al,(%rax)
  40057f:	00 07                	add    %al,(%rdi)
  400581:	00 00                	add    %al,(%rax)
  400583:	00 04 00             	add    %al,(%rax,%rax,1)
	...

Disassembly of section .init:

0000000000401000 <_init>:
  401000:	f3 0f 1e fa          	endbr64 
  401004:	48 83 ec 08          	sub    $0x8,%rsp
  401008:	48 8b 05 e9 2f 00 00 	mov    0x2fe9(%rip),%rax        # 403ff8 <__gmon_start__@Base>
  40100f:	48 85 c0             	test   %rax,%rax
  401012:	74 02                	je     401016 <_init+0x16>
  401014:	ff d0                	call   *%rax
  401016:	48 83 c4 08          	add    $0x8,%rsp
  40101a:	c3                   	ret    

Disassembly of section .plt:

0000000000401020 <printf@plt-0x10>:
  401020:	ff 35 e2 2f 00 00    	push   0x2fe2(%rip)        # 404008 <_GLOBAL_OFFSET_TABLE_+0x8>
  401026:	ff 25 e4 2f 00 00    	jmp    *0x2fe4(%rip)        # 404010 <_GLOBAL_OFFSET_TABLE_+0x10>
  40102c:	0f 1f 40 00          	nopl   0x0(%rax)

0000000000401030 <printf@plt>:
  401030:	ff 25 e2 2f 00 00    	jmp    *0x2fe2(%rip)        # 404018 <printf@GLIBC_2.2.5>
  401036:	68 00 00 00 00       	push   $0x0
  40103b:	e9 e0 ff ff ff       	jmp    401020 <_init+0x20>

0000000000401040 <putchar@plt>:
  401040:	ff 25 da 2f 00 00    	jmp    *0x2fda(%rip)        # 404020 <putchar@GLIBC_2.2.5>
  401046:	68 01 00 00 00       	push   $0x1
  40104b:	e9 d0 ff ff ff       	jmp    401020 <_init+0x20>

0000000000401050 <puts@plt>:
  401050:	ff 25 d2 2f 00 00    	jmp    *0x2fd2(%rip)        # 404028 <puts@GLIBC_2.2.5>
  401056:	68 02 00 00 00       	push   $0x2
  40105b:	e9 c0 ff ff ff       	jmp    401020 <_init+0x20>

Disassembly of section .text:

0000000000401060 <_start>:
  401060:	f3 0f 1e fa          	endbr64 
  401064:	31 ed                	xor    %ebp,%ebp
  401066:	49 89 d1             	mov    %rdx,%r9
  401069:	5e                   	pop    %rsi
  40106a:	48 89 e2             	mov    %rsp,%rdx
  40106d:	48 83 e4 f0          	and    $0xfffffffffffffff0,%rsp
  401071:	50                   	push   %rax
  401072:	54                   	push   %rsp
  401073:	45 31 c0             	xor    %r8d,%r8d
  401076:	31 c9                	xor    %ecx,%ecx
  401078:	48 c7 c7 23 14 40 00 	mov    $0x401423,%rdi
  40107f:	ff 15 6b 2f 00 00    	call   *0x2f6b(%rip)        # 403ff0 <__libc_start_main@GLIBC_2.34>
  401085:	f4                   	hlt    
  401086:	66 2e 0f 1f 84 00 00 	cs nopw 0x0(%rax,%rax,1)
  40108d:	00 00 00 

0000000000401090 <_dl_relocate_static_pie>:
  401090:	f3 0f 1e fa          	endbr64 
  401094:	c3                   	ret    
  401095:	66 2e 0f 1f 84 00 00 	cs nopw 0x0(%rax,%rax,1)
  40109c:	00 00 00 
  40109f:	90                   	nop

00000000004010a0 <deregister_tm_clones>:
  4010a0:	b8 40 40 40 00       	mov    $0x404040,%eax
  4010a5:	48 3d 40 40 40 00    	cmp    $0x404040,%rax
  4010ab:	74 13                	je     4010c0 <deregister_tm_clones+0x20>
  4010ad:	b8 00 00 00 00       	mov    $0x0,%eax
  4010b2:	48 85 c0             	test   %rax,%rax
  4010b5:	74 09                	je     4010c0 <deregister_tm_clones+0x20>
  4010b7:	bf 40 40 40 00       	mov    $0x404040,%edi
  4010bc:	ff e0                	jmp    *%rax
  4010be:	66 90                	xchg   %ax,%ax
  4010c0:	c3                   	ret    
  4010c1:	66 66 2e 0f 1f 84 00 	data16 cs nopw 0x0(%rax,%rax,1)
  4010c8:	00 00 00 00 
  4010cc:	0f 1f 40 00          	nopl   0x0(%rax)

00000000004010d0 <register_tm_clones>:
  4010d0:	be 40 40 40 00       	mov    $0x404040,%esi
  4010d5:	48 81 ee 40 40 40 00 	sub    $0x404040,%rsi
  4010dc:	48 89 f0             	mov    %rsi,%rax
  4010df:	48 c1 ee 3f          	shr    $0x3f,%rsi
  4010e3:	48 c1 f8 03          	sar    $0x3,%rax
  4010e7:	48 01 c6             	add    %rax,%rsi
  4010ea:	48 d1 fe             	sar    %rsi
  4010ed:	74 11                	je     401100 <register_tm_clones+0x30>
  4010ef:	b8 00 00 00 00       	mov    $0x0,%eax
  4010f4:	48 85 c0             	test   %rax,%rax
  4010f7:	74 07                	je     401100 <register_tm_clones+0x30>
  4010f9:	bf 40 40 40 00       	mov    $0x404040,%edi
  4010fe:	ff e0                	jmp    *%rax
  401100:	c3                   	ret    
  401101:	66 66 2e 0f 1f 84 00 	data16 cs nopw 0x0(%rax,%rax,1)
  401108:	00 00 00 00 
  40110c:	0f 1f 40 00          	nopl   0x0(%rax)

0000000000401110 <__do_global_dtors_aux>:
  401110:	f3 0f 1e fa          	endbr64 
  401114:	80 3d 25 2f 00 00 00 	cmpb   $0x0,0x2f25(%rip)        # 404040 <__TMC_END__>
  40111b:	75 13                	jne    401130 <__do_global_dtors_aux+0x20>
  40111d:	55                   	push   %rbp
  40111e:	48 89 e5             	mov    %rsp,%rbp
  401121:	e8 7a ff ff ff       	call   4010a0 <deregister_tm_clones>
  401126:	c6 05 13 2f 00 00 01 	movb   $0x1,0x2f13(%rip)        # 404040 <__TMC_END__>
  40112d:	5d                   	pop    %rbp
  40112e:	c3                   	ret    
  40112f:	90                   	nop
  401130:	c3                   	ret    
  401131:	66 66 2e 0f 1f 84 00 	data16 cs nopw 0x0(%rax,%rax,1)
  401138:	00 00 00 00 
  40113c:	0f 1f 40 00          	nopl   0x0(%rax)

0000000000401140 <frame_dummy>:
  401140:	f3 0f 1e fa          	endbr64 
  401144:	eb 8a                	jmp    4010d0 <register_tm_clones>

0000000000401146 <_Z9sum_arrayILi4EEvRK5ArrayS2_RS0_>:
  401146:	55                   	push   %rbp
  401147:	48 89 e5             	mov    %rsp,%rbp
  40114a:	48 89 7d f8          	mov    %rdi,-0x8(%rbp)
  40114e:	48 89 75 f0          	mov    %rsi,-0x10(%rbp)
  401152:	48 89 55 e8          	mov    %rdx,-0x18(%rbp)
  401156:	90                   	nop
  401157:	5d                   	pop    %rbp
  401158:	c3                   	ret    

0000000000401159 <_Z10sum_matrixILi4EEvRK6MatrixS2_RS0_>:
  401159:	55                   	push   %rbp
  40115a:	48 89 e5             	mov    %rsp,%rbp
  40115d:	48 89 7d f8          	mov    %rdi,-0x8(%rbp)
  401161:	48 89 75 f0          	mov    %rsi,-0x10(%rbp)
  401165:	48 89 55 e8          	mov    %rdx,-0x18(%rbp)
  401169:	90                   	nop
  40116a:	5d                   	pop    %rbp
  40116b:	c3                   	ret    

000000000040116c <_Z7TestIntv>:
  40116c:	55                   	push   %rbp
  40116d:	48 89 e5             	mov    %rsp,%rbp
  401170:	48 83 ec 10          	sub    $0x10,%rsp
  401174:	48 83 ec 08          	sub    $0x8,%rsp
  401178:	6a 09                	push   $0x9
  40117a:	6a 08                	push   $0x8
  40117c:	6a 07                	push   $0x7
  40117e:	41 b9 06 00 00 00    	mov    $0x6,%r9d
  401184:	41 b8 05 00 00 00    	mov    $0x5,%r8d
  40118a:	b9 04 00 00 00       	mov    $0x4,%ecx
  40118f:	ba 03 00 00 00       	mov    $0x3,%edx
  401194:	be 02 00 00 00       	mov    $0x2,%esi
  401199:	bf 01 00 00 00       	mov    $0x1,%edi
  40119e:	e8 9a 02 00 00       	call   40143d <_Z6my_sumIiiJiiiiiiiiEET_T0_DpT1_>
  4011a3:	48 83 c4 20          	add    $0x20,%rsp
  4011a7:	89 45 fc             	mov    %eax,-0x4(%rbp)
  4011aa:	bf 0c 20 40 00       	mov    $0x40200c,%edi
  4011af:	e8 9c fe ff ff       	call   401050 <puts@plt>
  4011b4:	8b 45 fc             	mov    -0x4(%rbp),%eax
  4011b7:	89 c6                	mov    %eax,%esi
  4011b9:	bf 11 20 40 00       	mov    $0x402011,%edi
  4011be:	b8 00 00 00 00       	mov    $0x0,%eax
  4011c3:	e8 68 fe ff ff       	call   401030 <printf@plt>
  4011c8:	90                   	nop
  4011c9:	c9                   	leave  
  4011ca:	c3                   	ret    

00000000004011cb <_Z9TestArrayv>:
  4011cb:	55                   	push   %rbp
  4011cc:	48 89 e5             	mov    %rsp,%rbp
  4011cf:	48 83 ec 40          	sub    $0x40,%rsp
  4011d3:	c7 45 d0 00 00 00 00 	movl   $0x0,-0x30(%rbp)
  4011da:	c7 45 d4 01 00 00 00 	movl   $0x1,-0x2c(%rbp)
  4011e1:	c7 45 d8 02 00 00 00 	movl   $0x2,-0x28(%rbp)
  4011e8:	c7 45 dc 03 00 00 00 	movl   $0x3,-0x24(%rbp)
  4011ef:	c7 45 c0 01 00 00 00 	movl   $0x1,-0x40(%rbp)
  4011f6:	c7 45 c4 02 00 00 00 	movl   $0x2,-0x3c(%rbp)
  4011fd:	c7 45 c8 03 00 00 00 	movl   $0x3,-0x38(%rbp)
  401204:	c7 45 cc 04 00 00 00 	movl   $0x4,-0x34(%rbp)
  40120b:	48 8d 55 e0          	lea    -0x20(%rbp),%rdx
  40120f:	48 8d 4d c0          	lea    -0x40(%rbp),%rcx
  401213:	48 8d 45 d0          	lea    -0x30(%rbp),%rax
  401217:	48 89 ce             	mov    %rcx,%rsi
  40121a:	48 89 c7             	mov    %rax,%rdi
  40121d:	e8 65 02 00 00       	call   401487 <_Z9sum_arrayILi0EEvRK5ArrayS2_RS0_>
  401222:	bf 15 20 40 00       	mov    $0x402015,%edi
  401227:	e8 24 fe ff ff       	call   401050 <puts@plt>
  40122c:	c7 45 fc 00 00 00 00 	movl   $0x0,-0x4(%rbp)
  401233:	eb 1e                	jmp    401253 <_Z9TestArrayv+0x88>
  401235:	8b 45 fc             	mov    -0x4(%rbp),%eax
  401238:	48 98                	cltq   
  40123a:	8b 44 85 e0          	mov    -0x20(%rbp,%rax,4),%eax
  40123e:	89 c6                	mov    %eax,%esi
  401240:	bf 1c 20 40 00       	mov    $0x40201c,%edi
  401245:	b8 00 00 00 00       	mov    $0x0,%eax
  40124a:	e8 e1 fd ff ff       	call   401030 <printf@plt>
  40124f:	83 45 fc 01          	addl   $0x1,-0x4(%rbp)
  401253:	83 7d fc 03          	cmpl   $0x3,-0x4(%rbp)
  401257:	7e dc                	jle    401235 <_Z9TestArrayv+0x6a>
  401259:	bf 0a 00 00 00       	mov    $0xa,%edi
  40125e:	e8 dd fd ff ff       	call   401040 <putchar@plt>
  401263:	90                   	nop
  401264:	c9                   	leave  
  401265:	c3                   	ret    

0000000000401266 <_Z10TestMatrixv>:
  401266:	55                   	push   %rbp
  401267:	48 89 e5             	mov    %rsp,%rbp
  40126a:	48 81 ec d0 00 00 00 	sub    $0xd0,%rsp
  401271:	66 0f ef c0          	pxor   %xmm0,%xmm0
  401275:	0f 29 45 b0          	movaps %xmm0,-0x50(%rbp)
  401279:	0f 29 45 c0          	movaps %xmm0,-0x40(%rbp)
  40127d:	0f 29 45 d0          	movaps %xmm0,-0x30(%rbp)
  401281:	0f 29 45 e0          	movaps %xmm0,-0x20(%rbp)
  401285:	c7 85 70 ff ff ff 00 	movl   $0x0,-0x90(%rbp)
  40128c:	00 00 00 
  40128f:	c7 85 74 ff ff ff 01 	movl   $0x1,-0x8c(%rbp)
  401296:	00 00 00 
  401299:	c7 85 78 ff ff ff 02 	movl   $0x2,-0x88(%rbp)
  4012a0:	00 00 00 
  4012a3:	c7 85 7c ff ff ff 03 	movl   $0x3,-0x84(%rbp)
  4012aa:	00 00 00 
  4012ad:	c7 45 80 04 00 00 00 	movl   $0x4,-0x80(%rbp)
  4012b4:	c7 45 84 05 00 00 00 	movl   $0x5,-0x7c(%rbp)
  4012bb:	c7 45 88 06 00 00 00 	movl   $0x6,-0x78(%rbp)
  4012c2:	c7 45 8c 07 00 00 00 	movl   $0x7,-0x74(%rbp)
  4012c9:	c7 45 90 08 00 00 00 	movl   $0x8,-0x70(%rbp)
  4012d0:	c7 45 94 09 00 00 00 	movl   $0x9,-0x6c(%rbp)
  4012d7:	c7 45 98 0a 00 00 00 	movl   $0xa,-0x68(%rbp)
  4012de:	c7 45 9c 0b 00 00 00 	movl   $0xb,-0x64(%rbp)
  4012e5:	c7 45 a0 0c 00 00 00 	movl   $0xc,-0x60(%rbp)
  4012ec:	c7 45 a4 0d 00 00 00 	movl   $0xd,-0x5c(%rbp)
  4012f3:	c7 45 a8 0e 00 00 00 	movl   $0xe,-0x58(%rbp)
  4012fa:	c7 45 ac 0f 00 00 00 	movl   $0xf,-0x54(%rbp)
  401301:	c7 85 30 ff ff ff 02 	movl   $0x2,-0xd0(%rbp)
  401308:	00 00 00 
  40130b:	c7 85 34 ff ff ff 03 	movl   $0x3,-0xcc(%rbp)
  401312:	00 00 00 
  401315:	c7 85 38 ff ff ff 04 	movl   $0x4,-0xc8(%rbp)
  40131c:	00 00 00 
  40131f:	c7 85 3c ff ff ff 05 	movl   $0x5,-0xc4(%rbp)
  401326:	00 00 00 
  401329:	c7 85 40 ff ff ff 06 	movl   $0x6,-0xc0(%rbp)
  401330:	00 00 00 
  401333:	c7 85 44 ff ff ff 07 	movl   $0x7,-0xbc(%rbp)
  40133a:	00 00 00 
  40133d:	c7 85 48 ff ff ff 08 	movl   $0x8,-0xb8(%rbp)
  401344:	00 00 00 
  401347:	c7 85 4c ff ff ff 09 	movl   $0x9,-0xb4(%rbp)
  40134e:	00 00 00 
  401351:	c7 85 50 ff ff ff 0a 	movl   $0xa,-0xb0(%rbp)
  401358:	00 00 00 
  40135b:	c7 85 54 ff ff ff 0b 	movl   $0xb,-0xac(%rbp)
  401362:	00 00 00 
  401365:	c7 85 58 ff ff ff 0c 	movl   $0xc,-0xa8(%rbp)
  40136c:	00 00 00 
  40136f:	c7 85 5c ff ff ff 0d 	movl   $0xd,-0xa4(%rbp)
  401376:	00 00 00 
  401379:	c7 85 60 ff ff ff 0e 	movl   $0xe,-0xa0(%rbp)
  401380:	00 00 00 
  401383:	c7 85 64 ff ff ff 0f 	movl   $0xf,-0x9c(%rbp)
  40138a:	00 00 00 
  40138d:	c7 85 68 ff ff ff 10 	movl   $0x10,-0x98(%rbp)
  401394:	00 00 00 
  401397:	c7 85 6c ff ff ff 11 	movl   $0x11,-0x94(%rbp)
  40139e:	00 00 00 
  4013a1:	48 8d 55 b0          	lea    -0x50(%rbp),%rdx
  4013a5:	48 8d 8d 30 ff ff ff 	lea    -0xd0(%rbp),%rcx
  4013ac:	48 8d 85 70 ff ff ff 	lea    -0x90(%rbp),%rax
  4013b3:	48 89 ce             	mov    %rcx,%rsi
  4013b6:	48 89 c7             	mov    %rax,%rdi
  4013b9:	e8 0b 01 00 00       	call   4014c9 <_Z10sum_matrixILi0EEvRK6MatrixS2_RS0_>
  4013be:	bf 20 20 40 00       	mov    $0x402020,%edi
  4013c3:	e8 88 fc ff ff       	call   401050 <puts@plt>
  4013c8:	c7 45 fc 00 00 00 00 	movl   $0x0,-0x4(%rbp)
  4013cf:	eb 48                	jmp    401419 <_Z10TestMatrixv+0x1b3>
  4013d1:	c7 45 f8 00 00 00 00 	movl   $0x0,-0x8(%rbp)
  4013d8:	eb 2b                	jmp    401405 <_Z10TestMatrixv+0x19f>
  4013da:	8b 45 f8             	mov    -0x8(%rbp),%eax
  4013dd:	48 98                	cltq   
  4013df:	8b 55 fc             	mov    -0x4(%rbp),%edx
  4013e2:	48 63 d2             	movslq %edx,%rdx
  4013e5:	48 c1 e2 02          	shl    $0x2,%rdx
  4013e9:	48 01 d0             	add    %rdx,%rax
  4013ec:	8b 44 85 b0          	mov    -0x50(%rbp,%rax,4),%eax
  4013f0:	89 c6                	mov    %eax,%esi
  4013f2:	bf 28 20 40 00       	mov    $0x402028,%edi
  4013f7:	b8 00 00 00 00       	mov    $0x0,%eax
  4013fc:	e8 2f fc ff ff       	call   401030 <printf@plt>
  401401:	83 45 f8 01          	addl   $0x1,-0x8(%rbp)
  401405:	83 7d f8 03          	cmpl   $0x3,-0x8(%rbp)
  401409:	7e cf                	jle    4013da <_Z10TestMatrixv+0x174>
  40140b:	bf 0a 00 00 00       	mov    $0xa,%edi
  401410:	e8 2b fc ff ff       	call   401040 <putchar@plt>
  401415:	83 45 fc 01          	addl   $0x1,-0x4(%rbp)
  401419:	83 7d fc 03          	cmpl   $0x3,-0x4(%rbp)
  40141d:	7e b2                	jle    4013d1 <_Z10TestMatrixv+0x16b>
  40141f:	90                   	nop
  401420:	90                   	nop
  401421:	c9                   	leave  
  401422:	c3                   	ret    

0000000000401423 <main>:
  401423:	55                   	push   %rbp
  401424:	48 89 e5             	mov    %rsp,%rbp
  401427:	e8 40 fd ff ff       	call   40116c <_Z7TestIntv>
  40142c:	e8 9a fd ff ff       	call   4011cb <_Z9TestArrayv>
  401431:	e8 30 fe ff ff       	call   401266 <_Z10TestMatrixv>
  401436:	b8 00 00 00 00       	mov    $0x0,%eax
  40143b:	5d                   	pop    %rbp
  40143c:	c3                   	ret    

000000000040143d <_Z6my_sumIiiJiiiiiiiiEET_T0_DpT1_>:
  40143d:	55                   	push   %rbp
  40143e:	48 89 e5             	mov    %rsp,%rbp
  401441:	48 83 ec 20          	sub    $0x20,%rsp
  401445:	89 7d fc             	mov    %edi,-0x4(%rbp)
  401448:	89 75 f8             	mov    %esi,-0x8(%rbp)
  40144b:	89 55 f4             	mov    %edx,-0xc(%rbp)
  40144e:	89 4d f0             	mov    %ecx,-0x10(%rbp)
  401451:	44 89 45 ec          	mov    %r8d,-0x14(%rbp)
  401455:	44 89 4d e8          	mov    %r9d,-0x18(%rbp)
  401459:	44 8b 4d 10          	mov    0x10(%rbp),%r9d
  40145d:	44 8b 45 e8          	mov    -0x18(%rbp),%r8d
  401461:	8b 4d ec             	mov    -0x14(%rbp),%ecx
  401464:	8b 55 f0             	mov    -0x10(%rbp),%edx
  401467:	8b 75 f4             	mov    -0xc(%rbp),%esi
  40146a:	8b 45 f8             	mov    -0x8(%rbp),%eax
  40146d:	8b 7d 20             	mov    0x20(%rbp),%edi
  401470:	57                   	push   %rdi
  401471:	8b 7d 18             	mov    0x18(%rbp),%edi
  401474:	57                   	push   %rdi
  401475:	89 c7                	mov    %eax,%edi
  401477:	e8 92 00 00 00       	call   40150e <_Z6my_sumIiiJiiiiiiiEET_T0_DpT1_>
  40147c:	48 83 c4 10          	add    $0x10,%rsp
  401480:	8b 55 fc             	mov    -0x4(%rbp),%edx
  401483:	01 d0                	add    %edx,%eax
  401485:	c9                   	leave  
  401486:	c3                   	ret    

0000000000401487 <_Z9sum_arrayILi0EEvRK5ArrayS2_RS0_>:
  401487:	55                   	push   %rbp
  401488:	48 89 e5             	mov    %rsp,%rbp
  40148b:	48 83 ec 20          	sub    $0x20,%rsp
  40148f:	48 89 7d f8          	mov    %rdi,-0x8(%rbp)
  401493:	48 89 75 f0          	mov    %rsi,-0x10(%rbp)
  401497:	48 89 55 e8          	mov    %rdx,-0x18(%rbp)
  40149b:	48 8b 55 e8          	mov    -0x18(%rbp),%rdx
  40149f:	48 8b 4d f0          	mov    -0x10(%rbp),%rcx
  4014a3:	48 8b 45 f8          	mov    -0x8(%rbp),%rax
  4014a7:	48 89 ce             	mov    %rcx,%rsi
  4014aa:	48 89 c7             	mov    %rax,%rdi
  4014ad:	e8 a6 00 00 00       	call   401558 <_Z9sum_arrayILi1EEvRK5ArrayS2_RS0_>
  4014b2:	48 8b 45 f8          	mov    -0x8(%rbp),%rax
  4014b6:	8b 10                	mov    (%rax),%edx
  4014b8:	48 8b 45 f0          	mov    -0x10(%rbp),%rax
  4014bc:	8b 00                	mov    (%rax),%eax
  4014be:	01 c2                	add    %eax,%edx
  4014c0:	48 8b 45 e8          	mov    -0x18(%rbp),%rax
  4014c4:	89 10                	mov    %edx,(%rax)
  4014c6:	90                   	nop
  4014c7:	c9                   	leave  
  4014c8:	c3                   	ret    

00000000004014c9 <_Z10sum_matrixILi0EEvRK6MatrixS2_RS0_>:
  4014c9:	55                   	push   %rbp
  4014ca:	48 89 e5             	mov    %rsp,%rbp
  4014cd:	48 83 ec 20          	sub    $0x20,%rsp
  4014d1:	48 89 7d f8          	mov    %rdi,-0x8(%rbp)
  4014d5:	48 89 75 f0          	mov    %rsi,-0x10(%rbp)
  4014d9:	48 89 55 e8          	mov    %rdx,-0x18(%rbp)
  4014dd:	48 8b 55 e8          	mov    -0x18(%rbp),%rdx
  4014e1:	48 8b 4d f0          	mov    -0x10(%rbp),%rcx
  4014e5:	48 8b 45 f8          	mov    -0x8(%rbp),%rax
  4014e9:	48 89 ce             	mov    %rcx,%rsi
  4014ec:	48 89 c7             	mov    %rax,%rdi
  4014ef:	e8 a9 00 00 00       	call   40159d <_Z10sum_matrixILi1EEvRK6MatrixS2_RS0_>
  4014f4:	48 8b 55 e8          	mov    -0x18(%rbp),%rdx
  4014f8:	48 8b 4d f0          	mov    -0x10(%rbp),%rcx
  4014fc:	48 8b 45 f8          	mov    -0x8(%rbp),%rax
  401500:	48 89 ce             	mov    %rcx,%rsi
  401503:	48 89 c7             	mov    %rax,%rdi
  401506:	e8 7c ff ff ff       	call   401487 <_Z9sum_arrayILi0EEvRK5ArrayS2_RS0_>
  40150b:	90                   	nop
  40150c:	c9                   	leave  
  40150d:	c3                   	ret    

000000000040150e <_Z6my_sumIiiJiiiiiiiEET_T0_DpT1_>:
  40150e:	55                   	push   %rbp
  40150f:	48 89 e5             	mov    %rsp,%rbp
  401512:	48 83 ec 20          	sub    $0x20,%rsp
  401516:	89 7d fc             	mov    %edi,-0x4(%rbp)
  401519:	89 75 f8             	mov    %esi,-0x8(%rbp)
  40151c:	89 55 f4             	mov    %edx,-0xc(%rbp)
  40151f:	89 4d f0             	mov    %ecx,-0x10(%rbp)
  401522:	44 89 45 ec          	mov    %r8d,-0x14(%rbp)
  401526:	44 89 4d e8          	mov    %r9d,-0x18(%rbp)
  40152a:	44 8b 4d 10          	mov    0x10(%rbp),%r9d
  40152e:	44 8b 45 e8          	mov    -0x18(%rbp),%r8d
  401532:	8b 4d ec             	mov    -0x14(%rbp),%ecx
  401535:	8b 55 f0             	mov    -0x10(%rbp),%edx
  401538:	8b 75 f4             	mov    -0xc(%rbp),%esi
  40153b:	8b 45 f8             	mov    -0x8(%rbp),%eax
  40153e:	48 83 ec 08          	sub    $0x8,%rsp
  401542:	8b 7d 18             	mov    0x18(%rbp),%edi
  401545:	57                   	push   %rdi
  401546:	89 c7                	mov    %eax,%edi
  401548:	e8 a1 00 00 00       	call   4015ee <_Z6my_sumIiiJiiiiiiEET_T0_DpT1_>
  40154d:	48 83 c4 10          	add    $0x10,%rsp
  401551:	8b 55 fc             	mov    -0x4(%rbp),%edx
  401554:	01 d0                	add    %edx,%eax
  401556:	c9                   	leave  
  401557:	c3                   	ret    

0000000000401558 <_Z9sum_arrayILi1EEvRK5ArrayS2_RS0_>:
  401558:	55                   	push   %rbp
  401559:	48 89 e5             	mov    %rsp,%rbp
  40155c:	48 83 ec 20          	sub    $0x20,%rsp
  401560:	48 89 7d f8          	mov    %rdi,-0x8(%rbp)
  401564:	48 89 75 f0          	mov    %rsi,-0x10(%rbp)
  401568:	48 89 55 e8          	mov    %rdx,-0x18(%rbp)
  40156c:	48 8b 55 e8          	mov    -0x18(%rbp),%rdx
  401570:	48 8b 4d f0          	mov    -0x10(%rbp),%rcx
  401574:	48 8b 45 f8          	mov    -0x8(%rbp),%rax
  401578:	48 89 ce             	mov    %rcx,%rsi
  40157b:	48 89 c7             	mov    %rax,%rdi
  40157e:	e8 ae 00 00 00       	call   401631 <_Z9sum_arrayILi2EEvRK5ArrayS2_RS0_>
  401583:	48 8b 45 f8          	mov    -0x8(%rbp),%rax
  401587:	8b 50 04             	mov    0x4(%rax),%edx
  40158a:	48 8b 45 f0          	mov    -0x10(%rbp),%rax
  40158e:	8b 40 04             	mov    0x4(%rax),%eax
  401591:	01 c2                	add    %eax,%edx
  401593:	48 8b 45 e8          	mov    -0x18(%rbp),%rax
  401597:	89 50 04             	mov    %edx,0x4(%rax)
  40159a:	90                   	nop
  40159b:	c9                   	leave  
  40159c:	c3                   	ret    

000000000040159d <_Z10sum_matrixILi1EEvRK6MatrixS2_RS0_>:
  40159d:	55                   	push   %rbp
  40159e:	48 89 e5             	mov    %rsp,%rbp
  4015a1:	48 83 ec 20          	sub    $0x20,%rsp
  4015a5:	48 89 7d f8          	mov    %rdi,-0x8(%rbp)
  4015a9:	48 89 75 f0          	mov    %rsi,-0x10(%rbp)
  4015ad:	48 89 55 e8          	mov    %rdx,-0x18(%rbp)
  4015b1:	48 8b 55 e8          	mov    -0x18(%rbp),%rdx
  4015b5:	48 8b 4d f0          	mov    -0x10(%rbp),%rcx
  4015b9:	48 8b 45 f8          	mov    -0x8(%rbp),%rax
  4015bd:	48 89 ce             	mov    %rcx,%rsi
  4015c0:	48 89 c7             	mov    %rax,%rdi
  4015c3:	e8 ae 00 00 00       	call   401676 <_Z10sum_matrixILi2EEvRK6MatrixS2_RS0_>
  4015c8:	48 8b 45 e8          	mov    -0x18(%rbp),%rax
  4015cc:	48 8d 50 10          	lea    0x10(%rax),%rdx
  4015d0:	48 8b 45 f0          	mov    -0x10(%rbp),%rax
  4015d4:	48 8d 48 10          	lea    0x10(%rax),%rcx
  4015d8:	48 8b 45 f8          	mov    -0x8(%rbp),%rax
  4015dc:	48 83 c0 10          	add    $0x10,%rax
  4015e0:	48 89 ce             	mov    %rcx,%rsi
  4015e3:	48 89 c7             	mov    %rax,%rdi
  4015e6:	e8 9c fe ff ff       	call   401487 <_Z9sum_arrayILi0EEvRK5ArrayS2_RS0_>
  4015eb:	90                   	nop
  4015ec:	c9                   	leave  
  4015ed:	c3                   	ret    

00000000004015ee <_Z6my_sumIiiJiiiiiiEET_T0_DpT1_>:
  4015ee:	55                   	push   %rbp
  4015ef:	48 89 e5             	mov    %rsp,%rbp
  4015f2:	48 83 ec 20          	sub    $0x20,%rsp
  4015f6:	89 7d fc             	mov    %edi,-0x4(%rbp)
  4015f9:	89 75 f8             	mov    %esi,-0x8(%rbp)
  4015fc:	89 55 f4             	mov    %edx,-0xc(%rbp)
  4015ff:	89 4d f0             	mov    %ecx,-0x10(%rbp)
  401602:	44 89 45 ec          	mov    %r8d,-0x14(%rbp)
  401606:	44 89 4d e8          	mov    %r9d,-0x18(%rbp)
  40160a:	44 8b 45 10          	mov    0x10(%rbp),%r8d
  40160e:	8b 7d e8             	mov    -0x18(%rbp),%edi
  401611:	8b 4d ec             	mov    -0x14(%rbp),%ecx
  401614:	8b 55 f0             	mov    -0x10(%rbp),%edx
  401617:	8b 75 f4             	mov    -0xc(%rbp),%esi
  40161a:	8b 45 f8             	mov    -0x8(%rbp),%eax
  40161d:	45 89 c1             	mov    %r8d,%r9d
  401620:	41 89 f8             	mov    %edi,%r8d
  401623:	89 c7                	mov    %eax,%edi
  401625:	e8 9d 00 00 00       	call   4016c7 <_Z6my_sumIiiJiiiiiEET_T0_DpT1_>
  40162a:	8b 55 fc             	mov    -0x4(%rbp),%edx
  40162d:	01 d0                	add    %edx,%eax
  40162f:	c9                   	leave  
  401630:	c3                   	ret    

0000000000401631 <_Z9sum_arrayILi2EEvRK5ArrayS2_RS0_>:
  401631:	55                   	push   %rbp
  401632:	48 89 e5             	mov    %rsp,%rbp
  401635:	48 83 ec 20          	sub    $0x20,%rsp
  401639:	48 89 7d f8          	mov    %rdi,-0x8(%rbp)
  40163d:	48 89 75 f0          	mov    %rsi,-0x10(%rbp)
  401641:	48 89 55 e8          	mov    %rdx,-0x18(%rbp)
  401645:	48 8b 55 e8          	mov    -0x18(%rbp),%rdx
  401649:	48 8b 4d f0          	mov    -0x10(%rbp),%rcx
  40164d:	48 8b 45 f8          	mov    -0x8(%rbp),%rax
  401651:	48 89 ce             	mov    %rcx,%rsi
  401654:	48 89 c7             	mov    %rax,%rdi
  401657:	e8 a7 00 00 00       	call   401703 <_Z9sum_arrayILi3EEvRK5ArrayS2_RS0_>
  40165c:	48 8b 45 f8          	mov    -0x8(%rbp),%rax
  401660:	8b 50 08             	mov    0x8(%rax),%edx
  401663:	48 8b 45 f0          	mov    -0x10(%rbp),%rax
  401667:	8b 40 08             	mov    0x8(%rax),%eax
  40166a:	01 c2                	add    %eax,%edx
  40166c:	48 8b 45 e8          	mov    -0x18(%rbp),%rax
  401670:	89 50 08             	mov    %edx,0x8(%rax)
  401673:	90                   	nop
  401674:	c9                   	leave  
  401675:	c3                   	ret    

0000000000401676 <_Z10sum_matrixILi2EEvRK6MatrixS2_RS0_>:
  401676:	55                   	push   %rbp
  401677:	48 89 e5             	mov    %rsp,%rbp
  40167a:	48 83 ec 20          	sub    $0x20,%rsp
  40167e:	48 89 7d f8          	mov    %rdi,-0x8(%rbp)
  401682:	48 89 75 f0          	mov    %rsi,-0x10(%rbp)
  401686:	48 89 55 e8          	mov    %rdx,-0x18(%rbp)
  40168a:	48 8b 55 e8          	mov    -0x18(%rbp),%rdx
  40168e:	48 8b 4d f0          	mov    -0x10(%rbp),%rcx
  401692:	48 8b 45 f8          	mov    -0x8(%rbp),%rax
  401696:	48 89 ce             	mov    %rcx,%rsi
  401699:	48 89 c7             	mov    %rax,%rdi
  40169c:	e8 a7 00 00 00       	call   401748 <_Z10sum_matrixILi3EEvRK6MatrixS2_RS0_>
  4016a1:	48 8b 45 e8          	mov    -0x18(%rbp),%rax
  4016a5:	48 8d 50 20          	lea    0x20(%rax),%rdx
  4016a9:	48 8b 45 f0          	mov    -0x10(%rbp),%rax
  4016ad:	48 8d 48 20          	lea    0x20(%rax),%rcx
  4016b1:	48 8b 45 f8          	mov    -0x8(%rbp),%rax
  4016b5:	48 83 c0 20          	add    $0x20,%rax
  4016b9:	48 89 ce             	mov    %rcx,%rsi
  4016bc:	48 89 c7             	mov    %rax,%rdi
  4016bf:	e8 c3 fd ff ff       	call   401487 <_Z9sum_arrayILi0EEvRK5ArrayS2_RS0_>
  4016c4:	90                   	nop
  4016c5:	c9                   	leave  
  4016c6:	c3                   	ret    

00000000004016c7 <_Z6my_sumIiiJiiiiiEET_T0_DpT1_>:
  4016c7:	55                   	push   %rbp
  4016c8:	48 89 e5             	mov    %rsp,%rbp
  4016cb:	48 83 ec 20          	sub    $0x20,%rsp
  4016cf:	89 7d fc             	mov    %edi,-0x4(%rbp)
  4016d2:	89 75 f8             	mov    %esi,-0x8(%rbp)
  4016d5:	89 55 f4             	mov    %edx,-0xc(%rbp)
  4016d8:	89 4d f0             	mov    %ecx,-0x10(%rbp)
  4016db:	44 89 45 ec          	mov    %r8d,-0x14(%rbp)
  4016df:	44 89 4d e8          	mov    %r9d,-0x18(%rbp)
  4016e3:	8b 7d e8             	mov    -0x18(%rbp),%edi
  4016e6:	8b 4d ec             	mov    -0x14(%rbp),%ecx
  4016e9:	8b 55 f0             	mov    -0x10(%rbp),%edx
  4016ec:	8b 75 f4             	mov    -0xc(%rbp),%esi
  4016ef:	8b 45 f8             	mov    -0x8(%rbp),%eax
  4016f2:	41 89 f8             	mov    %edi,%r8d
  4016f5:	89 c7                	mov    %eax,%edi
  4016f7:	e8 9d 00 00 00       	call   401799 <_Z6my_sumIiiJiiiiEET_T0_DpT1_>
  4016fc:	8b 55 fc             	mov    -0x4(%rbp),%edx
  4016ff:	01 d0                	add    %edx,%eax
  401701:	c9                   	leave  
  401702:	c3                   	ret    

0000000000401703 <_Z9sum_arrayILi3EEvRK5ArrayS2_RS0_>:
  401703:	55                   	push   %rbp
  401704:	48 89 e5             	mov    %rsp,%rbp
  401707:	48 83 ec 18          	sub    $0x18,%rsp
  40170b:	48 89 7d f8          	mov    %rdi,-0x8(%rbp)
  40170f:	48 89 75 f0          	mov    %rsi,-0x10(%rbp)
  401713:	48 89 55 e8          	mov    %rdx,-0x18(%rbp)
  401717:	48 8b 55 e8          	mov    -0x18(%rbp),%rdx
  40171b:	48 8b 4d f0          	mov    -0x10(%rbp),%rcx
  40171f:	48 8b 45 f8          	mov    -0x8(%rbp),%rax
  401723:	48 89 ce             	mov    %rcx,%rsi
  401726:	48 89 c7             	mov    %rax,%rdi
  401729:	e8 18 fa ff ff       	call   401146 <_Z9sum_arrayILi4EEvRK5ArrayS2_RS0_>
  40172e:	48 8b 45 f8          	mov    -0x8(%rbp),%rax
  401732:	8b 50 0c             	mov    0xc(%rax),%edx
  401735:	48 8b 45 f0          	mov    -0x10(%rbp),%rax
  401739:	8b 40 0c             	mov    0xc(%rax),%eax
  40173c:	01 c2                	add    %eax,%edx
  40173e:	48 8b 45 e8          	mov    -0x18(%rbp),%rax
  401742:	89 50 0c             	mov    %edx,0xc(%rax)
  401745:	90                   	nop
  401746:	c9                   	leave  
  401747:	c3                   	ret    

0000000000401748 <_Z10sum_matrixILi3EEvRK6MatrixS2_RS0_>:
  401748:	55                   	push   %rbp
  401749:	48 89 e5             	mov    %rsp,%rbp
  40174c:	48 83 ec 20          	sub    $0x20,%rsp
  401750:	48 89 7d f8          	mov    %rdi,-0x8(%rbp)
  401754:	48 89 75 f0          	mov    %rsi,-0x10(%rbp)
  401758:	48 89 55 e8          	mov    %rdx,-0x18(%rbp)
  40175c:	48 8b 55 e8          	mov    -0x18(%rbp),%rdx
  401760:	48 8b 4d f0          	mov    -0x10(%rbp),%rcx
  401764:	48 8b 45 f8          	mov    -0x8(%rbp),%rax
  401768:	48 89 ce             	mov    %rcx,%rsi
  40176b:	48 89 c7             	mov    %rax,%rdi
  40176e:	e8 e6 f9 ff ff       	call   401159 <_Z10sum_matrixILi4EEvRK6MatrixS2_RS0_>
  401773:	48 8b 45 e8          	mov    -0x18(%rbp),%rax
  401777:	48 8d 50 30          	lea    0x30(%rax),%rdx
  40177b:	48 8b 45 f0          	mov    -0x10(%rbp),%rax
  40177f:	48 8d 48 30          	lea    0x30(%rax),%rcx
  401783:	48 8b 45 f8          	mov    -0x8(%rbp),%rax
  401787:	48 83 c0 30          	add    $0x30,%rax
  40178b:	48 89 ce             	mov    %rcx,%rsi
  40178e:	48 89 c7             	mov    %rax,%rdi
  401791:	e8 f1 fc ff ff       	call   401487 <_Z9sum_arrayILi0EEvRK5ArrayS2_RS0_>
  401796:	90                   	nop
  401797:	c9                   	leave  
  401798:	c3                   	ret    

0000000000401799 <_Z6my_sumIiiJiiiiEET_T0_DpT1_>:
  401799:	55                   	push   %rbp
  40179a:	48 89 e5             	mov    %rsp,%rbp
  40179d:	48 83 ec 20          	sub    $0x20,%rsp
  4017a1:	89 7d fc             	mov    %edi,-0x4(%rbp)
  4017a4:	89 75 f8             	mov    %esi,-0x8(%rbp)
  4017a7:	89 55 f4             	mov    %edx,-0xc(%rbp)
  4017aa:	89 4d f0             	mov    %ecx,-0x10(%rbp)
  4017ad:	44 89 45 ec          	mov    %r8d,-0x14(%rbp)
  4017b1:	8b 4d ec             	mov    -0x14(%rbp),%ecx
  4017b4:	8b 55 f0             	mov    -0x10(%rbp),%edx
  4017b7:	8b 75 f4             	mov    -0xc(%rbp),%esi
  4017ba:	8b 45 f8             	mov    -0x8(%rbp),%eax
  4017bd:	89 c7                	mov    %eax,%edi
  4017bf:	e8 07 00 00 00       	call   4017cb <_Z6my_sumIiiJiiiEET_T0_DpT1_>
  4017c4:	8b 55 fc             	mov    -0x4(%rbp),%edx
  4017c7:	01 d0                	add    %edx,%eax
  4017c9:	c9                   	leave  
  4017ca:	c3                   	ret    

00000000004017cb <_Z6my_sumIiiJiiiEET_T0_DpT1_>:
  4017cb:	55                   	push   %rbp
  4017cc:	48 89 e5             	mov    %rsp,%rbp
  4017cf:	48 83 ec 10          	sub    $0x10,%rsp
  4017d3:	89 7d fc             	mov    %edi,-0x4(%rbp)
  4017d6:	89 75 f8             	mov    %esi,-0x8(%rbp)
  4017d9:	89 55 f4             	mov    %edx,-0xc(%rbp)
  4017dc:	89 4d f0             	mov    %ecx,-0x10(%rbp)
  4017df:	8b 55 f0             	mov    -0x10(%rbp),%edx
  4017e2:	8b 4d f4             	mov    -0xc(%rbp),%ecx
  4017e5:	8b 45 f8             	mov    -0x8(%rbp),%eax
  4017e8:	89 ce                	mov    %ecx,%esi
  4017ea:	89 c7                	mov    %eax,%edi
  4017ec:	e8 07 00 00 00       	call   4017f8 <_Z6my_sumIiiJiiEET_T0_DpT1_>
  4017f1:	8b 55 fc             	mov    -0x4(%rbp),%edx
  4017f4:	01 d0                	add    %edx,%eax
  4017f6:	c9                   	leave  
  4017f7:	c3                   	ret    

00000000004017f8 <_Z6my_sumIiiJiiEET_T0_DpT1_>:
  4017f8:	55                   	push   %rbp
  4017f9:	48 89 e5             	mov    %rsp,%rbp
  4017fc:	48 83 ec 10          	sub    $0x10,%rsp
  401800:	89 7d fc             	mov    %edi,-0x4(%rbp)
  401803:	89 75 f8             	mov    %esi,-0x8(%rbp)
  401806:	89 55 f4             	mov    %edx,-0xc(%rbp)
  401809:	8b 55 f4             	mov    -0xc(%rbp),%edx
  40180c:	8b 45 f8             	mov    -0x8(%rbp),%eax
  40180f:	89 d6                	mov    %edx,%esi
  401811:	89 c7                	mov    %eax,%edi
  401813:	e8 07 00 00 00       	call   40181f <_Z6my_sumIiiJiEET_T0_DpT1_>
  401818:	8b 55 fc             	mov    -0x4(%rbp),%edx
  40181b:	01 d0                	add    %edx,%eax
  40181d:	c9                   	leave  
  40181e:	c3                   	ret    

000000000040181f <_Z6my_sumIiiJiEET_T0_DpT1_>:
  40181f:	55                   	push   %rbp
  401820:	48 89 e5             	mov    %rsp,%rbp
  401823:	48 83 ec 10          	sub    $0x10,%rsp
  401827:	89 7d fc             	mov    %edi,-0x4(%rbp)
  40182a:	89 75 f8             	mov    %esi,-0x8(%rbp)
  40182d:	8b 45 f8             	mov    -0x8(%rbp),%eax
  401830:	89 c7                	mov    %eax,%edi
  401832:	e8 07 00 00 00       	call   40183e <_Z6my_sumIiiJEET_T0_DpT1_>
  401837:	8b 55 fc             	mov    -0x4(%rbp),%edx
  40183a:	01 d0                	add    %edx,%eax
  40183c:	c9                   	leave  
  40183d:	c3                   	ret    

000000000040183e <_Z6my_sumIiiJEET_T0_DpT1_>:
  40183e:	55                   	push   %rbp
  40183f:	48 89 e5             	mov    %rsp,%rbp
  401842:	48 83 ec 10          	sub    $0x10,%rsp
  401846:	89 7d fc             	mov    %edi,-0x4(%rbp)
  401849:	e8 07 00 00 00       	call   401855 <_Z6my_sumIiET_v>
  40184e:	8b 55 fc             	mov    -0x4(%rbp),%edx
  401851:	01 d0                	add    %edx,%eax
  401853:	c9                   	leave  
  401854:	c3                   	ret    

0000000000401855 <_Z6my_sumIiET_v>:
  401855:	55                   	push   %rbp
  401856:	48 89 e5             	mov    %rsp,%rbp
  401859:	b8 00 00 00 00       	mov    $0x0,%eax
  40185e:	5d                   	pop    %rbp
  40185f:	c3                   	ret    

Disassembly of section .fini:

0000000000401860 <_fini>:
  401860:	f3 0f 1e fa          	endbr64 
  401864:	48 83 ec 08          	sub    $0x8,%rsp
  401868:	48 83 c4 08          	add    $0x8,%rsp
  40186c:	c3                   	ret    

Disassembly of section .rodata:

0000000000402000 <_IO_stdin_used>:
  402000:	01 00                	add    %eax,(%rax)
  402002:	02 00                	add    (%rax),%al

0000000000402004 <_ZL10kArraySize>:
  402004:	04 00                	add    $0x0,%al
	...

0000000000402008 <_ZL9RowNumber>:
  402008:	04 00                	add    $0x0,%al
  40200a:	00 00                	add    %al,(%rax)
  40200c:	49                   	rex.WB
  40200d:	4e 54                	rex.WRX push %rsp
  40200f:	3a 00                	cmp    (%rax),%al
  402011:	25 64 0a 00 41       	and    $0x41000a64,%eax
  402016:	52                   	push   %rdx
  402017:	52                   	push   %rdx
  402018:	41 59                	pop    %r9
  40201a:	3a 00                	cmp    (%rax),%al
  40201c:	25 64 20 00 4d       	and    $0x4d002064,%eax
  402021:	41 54                	push   %r12
  402023:	52                   	push   %rdx
  402024:	49 58                	rex.WB pop %r8
  402026:	3a 00                	cmp    (%rax),%al
  402028:	25                   	.byte 0x25
  402029:	64 09 00             	or     %eax,%fs:(%rax)

Disassembly of section .eh_frame_hdr:

000000000040202c <__GNU_EH_FRAME_HDR>:
  40202c:	01 1b                	add    %ebx,(%rbx)
  40202e:	03 3b                	add    (%rbx),%edi
  402030:	e0 00                	loopne 402032 <__GNU_EH_FRAME_HDR+0x6>
  402032:	00 00                	add    %al,(%rax)
  402034:	1b 00                	sbb    (%rax),%eax
  402036:	00 00                	add    %al,(%rax)
  402038:	f4                   	hlt    
  402039:	ef                   	out    %eax,(%dx)
  40203a:	ff                   	(bad)  
  40203b:	ff 24 01             	jmp    *(%rcx,%rax,1)
  40203e:	00 00                	add    %al,(%rax)
  402040:	34 f0                	xor    $0xf0,%al
  402042:	ff                   	(bad)  
  402043:	ff                   	(bad)  
  402044:	fc                   	cld    
  402045:	00 00                	add    %al,(%rax)
  402047:	00 64 f0 ff          	add    %ah,-0x1(%rax,%rsi,8)
  40204b:	ff 10                	call   *(%rax)
  40204d:	01 00                	add    %eax,(%rax)
  40204f:	00 1a                	add    %bl,(%rdx)
  402051:	f1                   	int1   
  402052:	ff                   	(bad)  
  402053:	ff 4c 01 00          	decl   0x0(%rcx,%rax,1)
  402057:	00 2d f1 ff ff 6c    	add    %ch,0x6cfffff1(%rip)        # 6d40204e <_end+0x6cffe006>
  40205d:	01 00                	add    %eax,(%rax)
  40205f:	00 40 f1             	add    %al,-0xf(%rax)
  402062:	ff                   	(bad)  
  402063:	ff 8c 01 00 00 9f f1 	decl   -0xe610000(%rcx,%rax,1)
  40206a:	ff                   	(bad)  
  40206b:	ff ac 01 00 00 3a f2 	ljmp   *-0xdc60000(%rcx,%rax,1)
  402072:	ff                   	(bad)  
  402073:	ff cc                	dec    %esp
  402075:	01 00                	add    %eax,(%rax)
  402077:	00 f7                	add    %dh,%bh
  402079:	f3 ff                	repz (bad) 
  40207b:	ff                   	(bad)  
  40207c:	ec                   	in     (%dx),%al
  40207d:	01 00                	add    %eax,(%rax)
  40207f:	00 11                	add    %dl,(%rcx)
  402081:	f4                   	hlt    
  402082:	ff                   	(bad)  
  402083:	ff 0c 02             	decl   (%rdx,%rax,1)
  402086:	00 00                	add    %al,(%rax)
  402088:	5b                   	pop    %rbx
  402089:	f4                   	hlt    
  40208a:	ff                   	(bad)  
  40208b:	ff 2c 02             	ljmp   *(%rdx,%rax,1)
  40208e:	00 00                	add    %al,(%rax)
  402090:	9d                   	popf   
  402091:	f4                   	hlt    
  402092:	ff                   	(bad)  
  402093:	ff 4c 02 00          	decl   0x0(%rdx,%rax,1)
  402097:	00 e2                	add    %ah,%dl
  402099:	f4                   	hlt    
  40209a:	ff                   	(bad)  
  40209b:	ff 6c 02 00          	ljmp   *0x0(%rdx,%rax,1)
  40209f:	00 2c f5 ff ff 8c 02 	add    %ch,0x28cffff(,%rsi,8)
  4020a6:	00 00                	add    %al,(%rax)
  4020a8:	71 f5                	jno    40209f <__GNU_EH_FRAME_HDR+0x73>
  4020aa:	ff                   	(bad)  
  4020ab:	ff ac 02 00 00 c2 f5 	ljmp   *-0xa3e0000(%rdx,%rax,1)
  4020b2:	ff                   	(bad)  
  4020b3:	ff cc                	dec    %esp
  4020b5:	02 00                	add    (%rax),%al
  4020b7:	00 05 f6 ff ff ec    	add    %al,-0x1300000a(%rip)        # ffffffffed4020b3 <_end+0xffffffffecffe06b>
  4020bd:	02 00                	add    (%rax),%al
  4020bf:	00 4a f6             	add    %cl,-0xa(%rdx)
  4020c2:	ff                   	(bad)  
  4020c3:	ff 0c 03             	decl   (%rbx,%rax,1)
  4020c6:	00 00                	add    %al,(%rax)
  4020c8:	9b                   	fwait
  4020c9:	f6 ff                	idiv   %bh
  4020cb:	ff 2c 03             	ljmp   *(%rbx,%rax,1)
  4020ce:	00 00                	add    %al,(%rax)
  4020d0:	d7                   	xlat   %ds:(%rbx)
  4020d1:	f6 ff                	idiv   %bh
  4020d3:	ff 4c 03 00          	decl   0x0(%rbx,%rax,1)
  4020d7:	00 1c f7             	add    %bl,(%rdi,%rsi,8)
  4020da:	ff                   	(bad)  
  4020db:	ff 6c 03 00          	ljmp   *0x0(%rbx,%rax,1)
  4020df:	00 6d f7             	add    %ch,-0x9(%rbp)
  4020e2:	ff                   	(bad)  
  4020e3:	ff 8c 03 00 00 9f f7 	decl   -0x8610000(%rbx,%rax,1)
  4020ea:	ff                   	(bad)  
  4020eb:	ff ac 03 00 00 cc f7 	ljmp   *-0x8340000(%rbx,%rax,1)
  4020f2:	ff                   	(bad)  
  4020f3:	ff cc                	dec    %esp
  4020f5:	03 00                	add    (%rax),%eax
  4020f7:	00 f3                	add    %dh,%bl
  4020f9:	f7 ff                	idiv   %edi
  4020fb:	ff                   	(bad)  
  4020fc:	ec                   	in     (%dx),%al
  4020fd:	03 00                	add    (%rax),%eax
  4020ff:	00 12                	add    %dl,(%rdx)
  402101:	f8                   	clc    
  402102:	ff                   	(bad)  
  402103:	ff 0c 04             	decl   (%rsp,%rax,1)
  402106:	00 00                	add    %al,(%rax)
  402108:	29 f8                	sub    %edi,%eax
  40210a:	ff                   	(bad)  
  40210b:	ff 2c 04             	ljmp   *(%rsp,%rax,1)
	...

Disassembly of section .eh_frame:

0000000000402110 <__FRAME_END__-0x368>:
  402110:	14 00                	adc    $0x0,%al
  402112:	00 00                	add    %al,(%rax)
  402114:	00 00                	add    %al,(%rax)
  402116:	00 00                	add    %al,(%rax)
  402118:	01 7a 52             	add    %edi,0x52(%rdx)
  40211b:	00 01                	add    %al,(%rcx)
  40211d:	78 10                	js     40212f <__GNU_EH_FRAME_HDR+0x103>
  40211f:	01 1b                	add    %ebx,(%rbx)
  402121:	0c 07                	or     $0x7,%al
  402123:	08 90 01 00 00 10    	or     %dl,0x10000001(%rax)
  402129:	00 00                	add    %al,(%rax)
  40212b:	00 1c 00             	add    %bl,(%rax,%rax,1)
  40212e:	00 00                	add    %al,(%rax)
  402130:	30 ef                	xor    %ch,%bh
  402132:	ff                   	(bad)  
  402133:	ff 26                	jmp    *(%rsi)
  402135:	00 00                	add    %al,(%rax)
  402137:	00 00                	add    %al,(%rax)
  402139:	44 07                	rex.R (bad) 
  40213b:	10 10                	adc    %dl,(%rax)
  40213d:	00 00                	add    %al,(%rax)
  40213f:	00 30                	add    %dh,(%rax)
  402141:	00 00                	add    %al,(%rax)
  402143:	00 4c ef ff          	add    %cl,-0x1(%rdi,%rbp,8)
  402147:	ff 05 00 00 00 00    	incl   0x0(%rip)        # 40214d <__GNU_EH_FRAME_HDR+0x121>
  40214d:	00 00                	add    %al,(%rax)
  40214f:	00 24 00             	add    %ah,(%rax,%rax,1)
  402152:	00 00                	add    %al,(%rax)
  402154:	44 00 00             	add    %r8b,(%rax)
  402157:	00 c8                	add    %cl,%al
  402159:	ee                   	out    %al,(%dx)
  40215a:	ff                   	(bad)  
  40215b:	ff 40 00             	incl   0x0(%rax)
  40215e:	00 00                	add    %al,(%rax)
  402160:	00 0e                	add    %cl,(%rsi)
  402162:	10 46 0e             	adc    %al,0xe(%rsi)
  402165:	18 4a 0f             	sbb    %cl,0xf(%rdx)
  402168:	0b 77 08             	or     0x8(%rdi),%esi
  40216b:	80 00 3f             	addb   $0x3f,(%rax)
  40216e:	1a 3b                	sbb    (%rbx),%bh
  402170:	2a 33                	sub    (%rbx),%dh
  402172:	24 22                	and    $0x22,%al
  402174:	00 00                	add    %al,(%rax)
  402176:	00 00                	add    %al,(%rax)
  402178:	1c 00                	sbb    $0x0,%al
  40217a:	00 00                	add    %al,(%rax)
  40217c:	6c                   	insb   (%dx),%es:(%rdi)
  40217d:	00 00                	add    %al,(%rax)
  40217f:	00 c6                	add    %al,%dh
  402181:	ef                   	out    %eax,(%dx)
  402182:	ff                   	(bad)  
  402183:	ff 13                	call   *(%rbx)
  402185:	00 00                	add    %al,(%rax)
  402187:	00 00                	add    %al,(%rax)
  402189:	41 0e                	rex.B (bad) 
  40218b:	10 86 02 43 0d 06    	adc    %al,0x60d4302(%rsi)
  402191:	4e 0c 07             	rex.WRX or $0x7,%al
  402194:	08 00                	or     %al,(%rax)
  402196:	00 00                	add    %al,(%rax)
  402198:	1c 00                	sbb    $0x0,%al
  40219a:	00 00                	add    %al,(%rax)
  40219c:	8c 00                	mov    %es,(%rax)
  40219e:	00 00                	add    %al,(%rax)
  4021a0:	b9 ef ff ff 13       	mov    $0x13ffffef,%ecx
  4021a5:	00 00                	add    %al,(%rax)
  4021a7:	00 00                	add    %al,(%rax)
  4021a9:	41 0e                	rex.B (bad) 
  4021ab:	10 86 02 43 0d 06    	adc    %al,0x60d4302(%rsi)
  4021b1:	4e 0c 07             	rex.WRX or $0x7,%al
  4021b4:	08 00                	or     %al,(%rax)
  4021b6:	00 00                	add    %al,(%rax)
  4021b8:	1c 00                	sbb    $0x0,%al
  4021ba:	00 00                	add    %al,(%rax)
  4021bc:	ac                   	lods   %ds:(%rsi),%al
  4021bd:	00 00                	add    %al,(%rax)
  4021bf:	00 ac ef ff ff 5f 00 	add    %ch,0x5fffff(%rdi,%rbp,8)
  4021c6:	00 00                	add    %al,(%rax)
  4021c8:	00 41 0e             	add    %al,0xe(%rcx)
  4021cb:	10 86 02 43 0d 06    	adc    %al,0x60d4302(%rsi)
  4021d1:	02 5a 0c             	add    0xc(%rdx),%bl
  4021d4:	07                   	(bad)  
  4021d5:	08 00                	or     %al,(%rax)
  4021d7:	00 1c 00             	add    %bl,(%rax,%rax,1)
  4021da:	00 00                	add    %al,(%rax)
  4021dc:	cc                   	int3   
  4021dd:	00 00                	add    %al,(%rax)
  4021df:	00 eb                	add    %ch,%bl
  4021e1:	ef                   	out    %eax,(%dx)
  4021e2:	ff                   	(bad)  
  4021e3:	ff 9b 00 00 00 00    	lcall  *0x0(%rbx)
  4021e9:	41 0e                	rex.B (bad) 
  4021eb:	10 86 02 43 0d 06    	adc    %al,0x60d4302(%rsi)
  4021f1:	02 96 0c 07 08 00    	add    0x8070c(%rsi),%dl
  4021f7:	00 1c 00             	add    %bl,(%rax,%rax,1)
  4021fa:	00 00                	add    %al,(%rax)
  4021fc:	ec                   	in     (%dx),%al
  4021fd:	00 00                	add    %al,(%rax)
  4021ff:	00 66 f0             	add    %ah,-0x10(%rsi)
  402202:	ff                   	(bad)  
  402203:	ff                   	(bad)  
  402204:	bd 01 00 00 00       	mov    $0x1,%ebp
  402209:	41 0e                	rex.B (bad) 
  40220b:	10 86 02 43 0d 06    	adc    %al,0x60d4302(%rsi)
  402211:	03 b8 01 0c 07 08    	add    0x8070c01(%rax),%edi
  402217:	00 1c 00             	add    %bl,(%rax,%rax,1)
  40221a:	00 00                	add    %al,(%rax)
  40221c:	0c 01                	or     $0x1,%al
  40221e:	00 00                	add    %al,(%rax)
  402220:	03 f2                	add    %edx,%esi
  402222:	ff                   	(bad)  
  402223:	ff 1a                	lcall  *(%rdx)
  402225:	00 00                	add    %al,(%rax)
  402227:	00 00                	add    %al,(%rax)
  402229:	41 0e                	rex.B (bad) 
  40222b:	10 86 02 43 0d 06    	adc    %al,0x60d4302(%rsi)
  402231:	55                   	push   %rbp
  402232:	0c 07                	or     $0x7,%al
  402234:	08 00                	or     %al,(%rax)
  402236:	00 00                	add    %al,(%rax)
  402238:	1c 00                	sbb    $0x0,%al
  40223a:	00 00                	add    %al,(%rax)
  40223c:	2c 01                	sub    $0x1,%al
  40223e:	00 00                	add    %al,(%rax)
  402240:	fd                   	std    
  402241:	f1                   	int1   
  402242:	ff                   	(bad)  
  402243:	ff 4a 00             	decl   0x0(%rdx)
  402246:	00 00                	add    %al,(%rax)
  402248:	00 41 0e             	add    %al,0xe(%rcx)
  40224b:	10 86 02 43 0d 06    	adc    %al,0x60d4302(%rsi)
  402251:	02 45 0c             	add    0xc(%rbp),%al
  402254:	07                   	(bad)  
  402255:	08 00                	or     %al,(%rax)
  402257:	00 1c 00             	add    %bl,(%rax,%rax,1)
  40225a:	00 00                	add    %al,(%rax)
  40225c:	4c 01 00             	add    %r8,(%rax)
  40225f:	00 27                	add    %ah,(%rdi)
  402261:	f2 ff                	repnz (bad) 
  402263:	ff 42 00             	incl   0x0(%rdx)
  402266:	00 00                	add    %al,(%rax)
  402268:	00 41 0e             	add    %al,0xe(%rcx)
  40226b:	10 86 02 43 0d 06    	adc    %al,0x60d4302(%rsi)
  402271:	7d 0c                	jge    40227f <__GNU_EH_FRAME_HDR+0x253>
  402273:	07                   	(bad)  
  402274:	08 00                	or     %al,(%rax)
  402276:	00 00                	add    %al,(%rax)
  402278:	1c 00                	sbb    $0x0,%al
  40227a:	00 00                	add    %al,(%rax)
  40227c:	6c                   	insb   (%dx),%es:(%rdi)
  40227d:	01 00                	add    %eax,(%rax)
  40227f:	00 49 f2             	add    %cl,-0xe(%rcx)
  402282:	ff                   	(bad)  
  402283:	ff 45 00             	incl   0x0(%rbp)
  402286:	00 00                	add    %al,(%rax)
  402288:	00 41 0e             	add    %al,0xe(%rcx)
  40228b:	10 86 02 43 0d 06    	adc    %al,0x60d4302(%rsi)
  402291:	02 40 0c             	add    0xc(%rax),%al
  402294:	07                   	(bad)  
  402295:	08 00                	or     %al,(%rax)
  402297:	00 1c 00             	add    %bl,(%rax,%rax,1)
  40229a:	00 00                	add    %al,(%rax)
  40229c:	8c 01                	mov    %es,(%rcx)
  40229e:	00 00                	add    %al,(%rax)
  4022a0:	6e                   	outsb  %ds:(%rsi),(%dx)
  4022a1:	f2 ff                	repnz (bad) 
  4022a3:	ff 4a 00             	decl   0x0(%rdx)
  4022a6:	00 00                	add    %al,(%rax)
  4022a8:	00 41 0e             	add    %al,0xe(%rcx)
  4022ab:	10 86 02 43 0d 06    	adc    %al,0x60d4302(%rsi)
  4022b1:	02 45 0c             	add    0xc(%rbp),%al
  4022b4:	07                   	(bad)  
  4022b5:	08 00                	or     %al,(%rax)
  4022b7:	00 1c 00             	add    %bl,(%rax,%rax,1)
  4022ba:	00 00                	add    %al,(%rax)
  4022bc:	ac                   	lods   %ds:(%rsi),%al
  4022bd:	01 00                	add    %eax,(%rax)
  4022bf:	00 98 f2 ff ff 45    	add    %bl,0x45fffff2(%rax)
  4022c5:	00 00                	add    %al,(%rax)
  4022c7:	00 00                	add    %al,(%rax)
  4022c9:	41 0e                	rex.B (bad) 
  4022cb:	10 86 02 43 0d 06    	adc    %al,0x60d4302(%rsi)
  4022d1:	02 40 0c             	add    0xc(%rax),%al
  4022d4:	07                   	(bad)  
  4022d5:	08 00                	or     %al,(%rax)
  4022d7:	00 1c 00             	add    %bl,(%rax,%rax,1)
  4022da:	00 00                	add    %al,(%rax)
  4022dc:	cc                   	int3   
  4022dd:	01 00                	add    %eax,(%rax)
  4022df:	00 bd f2 ff ff 51    	add    %bh,0x51fffff2(%rbp)
  4022e5:	00 00                	add    %al,(%rax)
  4022e7:	00 00                	add    %al,(%rax)
  4022e9:	41 0e                	rex.B (bad) 
  4022eb:	10 86 02 43 0d 06    	adc    %al,0x60d4302(%rsi)
  4022f1:	02 4c 0c 07          	add    0x7(%rsp,%rcx,1),%cl
  4022f5:	08 00                	or     %al,(%rax)
  4022f7:	00 1c 00             	add    %bl,(%rax,%rax,1)
  4022fa:	00 00                	add    %al,(%rax)
  4022fc:	ec                   	in     (%dx),%al
  4022fd:	01 00                	add    %eax,(%rax)
  4022ff:	00 ee                	add    %ch,%dh
  402301:	f2 ff                	repnz (bad) 
  402303:	ff 43 00             	incl   0x0(%rbx)
  402306:	00 00                	add    %al,(%rax)
  402308:	00 41 0e             	add    %al,0xe(%rcx)
  40230b:	10 86 02 43 0d 06    	adc    %al,0x60d4302(%rsi)
  402311:	7e 0c                	jle    40231f <__GNU_EH_FRAME_HDR+0x2f3>
  402313:	07                   	(bad)  
  402314:	08 00                	or     %al,(%rax)
  402316:	00 00                	add    %al,(%rax)
  402318:	1c 00                	sbb    $0x0,%al
  40231a:	00 00                	add    %al,(%rax)
  40231c:	0c 02                	or     $0x2,%al
  40231e:	00 00                	add    %al,(%rax)
  402320:	11 f3                	adc    %esi,%ebx
  402322:	ff                   	(bad)  
  402323:	ff 45 00             	incl   0x0(%rbp)
  402326:	00 00                	add    %al,(%rax)
  402328:	00 41 0e             	add    %al,0xe(%rcx)
  40232b:	10 86 02 43 0d 06    	adc    %al,0x60d4302(%rsi)
  402331:	02 40 0c             	add    0xc(%rax),%al
  402334:	07                   	(bad)  
  402335:	08 00                	or     %al,(%rax)
  402337:	00 1c 00             	add    %bl,(%rax,%rax,1)
  40233a:	00 00                	add    %al,(%rax)
  40233c:	2c 02                	sub    $0x2,%al
  40233e:	00 00                	add    %al,(%rax)
  402340:	36 f3 ff             	ss repz (bad) 
  402343:	ff 51 00             	call   *0x0(%rcx)
  402346:	00 00                	add    %al,(%rax)
  402348:	00 41 0e             	add    %al,0xe(%rcx)
  40234b:	10 86 02 43 0d 06    	adc    %al,0x60d4302(%rsi)
  402351:	02 4c 0c 07          	add    0x7(%rsp,%rcx,1),%cl
  402355:	08 00                	or     %al,(%rax)
  402357:	00 1c 00             	add    %bl,(%rax,%rax,1)
  40235a:	00 00                	add    %al,(%rax)
  40235c:	4c 02 00             	rex.WR add (%rax),%r8b
  40235f:	00 67 f3             	add    %ah,-0xd(%rdi)
  402362:	ff                   	(bad)  
  402363:	ff                   	(bad)  
  402364:	3c 00                	cmp    $0x0,%al
  402366:	00 00                	add    %al,(%rax)
  402368:	00 41 0e             	add    %al,0xe(%rcx)
  40236b:	10 86 02 43 0d 06    	adc    %al,0x60d4302(%rsi)
  402371:	77 0c                	ja     40237f <__GNU_EH_FRAME_HDR+0x353>
  402373:	07                   	(bad)  
  402374:	08 00                	or     %al,(%rax)
  402376:	00 00                	add    %al,(%rax)
  402378:	1c 00                	sbb    $0x0,%al
  40237a:	00 00                	add    %al,(%rax)
  40237c:	6c                   	insb   (%dx),%es:(%rdi)
  40237d:	02 00                	add    (%rax),%al
  40237f:	00 83 f3 ff ff 45    	add    %al,0x45fffff3(%rbx)
  402385:	00 00                	add    %al,(%rax)
  402387:	00 00                	add    %al,(%rax)
  402389:	41 0e                	rex.B (bad) 
  40238b:	10 86 02 43 0d 06    	adc    %al,0x60d4302(%rsi)
  402391:	02 40 0c             	add    0xc(%rax),%al
  402394:	07                   	(bad)  
  402395:	08 00                	or     %al,(%rax)
  402397:	00 1c 00             	add    %bl,(%rax,%rax,1)
  40239a:	00 00                	add    %al,(%rax)
  40239c:	8c 02                	mov    %es,(%rdx)
  40239e:	00 00                	add    %al,(%rax)
  4023a0:	a8 f3                	test   $0xf3,%al
  4023a2:	ff                   	(bad)  
  4023a3:	ff 51 00             	call   *0x0(%rcx)
  4023a6:	00 00                	add    %al,(%rax)
  4023a8:	00 41 0e             	add    %al,0xe(%rcx)
  4023ab:	10 86 02 43 0d 06    	adc    %al,0x60d4302(%rsi)
  4023b1:	02 4c 0c 07          	add    0x7(%rsp,%rcx,1),%cl
  4023b5:	08 00                	or     %al,(%rax)
  4023b7:	00 1c 00             	add    %bl,(%rax,%rax,1)
  4023ba:	00 00                	add    %al,(%rax)
  4023bc:	ac                   	lods   %ds:(%rsi),%al
  4023bd:	02 00                	add    (%rax),%al
  4023bf:	00 d9                	add    %bl,%cl
  4023c1:	f3 ff                	repz (bad) 
  4023c3:	ff 32                	push   (%rdx)
  4023c5:	00 00                	add    %al,(%rax)
  4023c7:	00 00                	add    %al,(%rax)
  4023c9:	41 0e                	rex.B (bad) 
  4023cb:	10 86 02 43 0d 06    	adc    %al,0x60d4302(%rsi)
  4023d1:	6d                   	insl   (%dx),%es:(%rdi)
  4023d2:	0c 07                	or     $0x7,%al
  4023d4:	08 00                	or     %al,(%rax)
  4023d6:	00 00                	add    %al,(%rax)
  4023d8:	1c 00                	sbb    $0x0,%al
  4023da:	00 00                	add    %al,(%rax)
  4023dc:	cc                   	int3   
  4023dd:	02 00                	add    (%rax),%al
  4023df:	00 eb                	add    %ch,%bl
  4023e1:	f3 ff                	repz (bad) 
  4023e3:	ff 2d 00 00 00 00    	ljmp   *0x0(%rip)        # 4023e9 <__GNU_EH_FRAME_HDR+0x3bd>
  4023e9:	41 0e                	rex.B (bad) 
  4023eb:	10 86 02 43 0d 06    	adc    %al,0x60d4302(%rsi)
  4023f1:	68 0c 07 08 00       	push   $0x8070c
  4023f6:	00 00                	add    %al,(%rax)
  4023f8:	1c 00                	sbb    $0x0,%al
  4023fa:	00 00                	add    %al,(%rax)
  4023fc:	ec                   	in     (%dx),%al
  4023fd:	02 00                	add    (%rax),%al
  4023ff:	00 f8                	add    %bh,%al
  402401:	f3 ff                	repz (bad) 
  402403:	ff 27                	jmp    *(%rdi)
  402405:	00 00                	add    %al,(%rax)
  402407:	00 00                	add    %al,(%rax)
  402409:	41 0e                	rex.B (bad) 
  40240b:	10 86 02 43 0d 06    	adc    %al,0x60d4302(%rsi)
  402411:	62                   	(bad)  
  402412:	0c 07                	or     $0x7,%al
  402414:	08 00                	or     %al,(%rax)
  402416:	00 00                	add    %al,(%rax)
  402418:	1c 00                	sbb    $0x0,%al
  40241a:	00 00                	add    %al,(%rax)
  40241c:	0c 03                	or     $0x3,%al
  40241e:	00 00                	add    %al,(%rax)
  402420:	ff f3                	push   %rbx
  402422:	ff                   	(bad)  
  402423:	ff 1f                	lcall  *(%rdi)
  402425:	00 00                	add    %al,(%rax)
  402427:	00 00                	add    %al,(%rax)
  402429:	41 0e                	rex.B (bad) 
  40242b:	10 86 02 43 0d 06    	adc    %al,0x60d4302(%rsi)
  402431:	5a                   	pop    %rdx
  402432:	0c 07                	or     $0x7,%al
  402434:	08 00                	or     %al,(%rax)
  402436:	00 00                	add    %al,(%rax)
  402438:	1c 00                	sbb    $0x0,%al
  40243a:	00 00                	add    %al,(%rax)
  40243c:	2c 03                	sub    $0x3,%al
  40243e:	00 00                	add    %al,(%rax)
  402440:	fe                   	(bad)  
  402441:	f3 ff                	repz (bad) 
  402443:	ff 17                	call   *(%rdi)
  402445:	00 00                	add    %al,(%rax)
  402447:	00 00                	add    %al,(%rax)
  402449:	41 0e                	rex.B (bad) 
  40244b:	10 86 02 43 0d 06    	adc    %al,0x60d4302(%rsi)
  402451:	52                   	push   %rdx
  402452:	0c 07                	or     $0x7,%al
  402454:	08 00                	or     %al,(%rax)
  402456:	00 00                	add    %al,(%rax)
  402458:	1c 00                	sbb    $0x0,%al
  40245a:	00 00                	add    %al,(%rax)
  40245c:	4c 03 00             	add    (%rax),%r8
  40245f:	00 f5                	add    %dh,%ch
  402461:	f3 ff                	repz (bad) 
  402463:	ff 0b                	decl   (%rbx)
  402465:	00 00                	add    %al,(%rax)
  402467:	00 00                	add    %al,(%rax)
  402469:	41 0e                	rex.B (bad) 
  40246b:	10 86 02 43 0d 06    	adc    %al,0x60d4302(%rsi)
  402471:	46 0c 07             	rex.RX or $0x7,%al
  402474:	08 00                	or     %al,(%rax)
	...

0000000000402478 <__FRAME_END__>:
  402478:	00 00                	add    %al,(%rax)
	...

Disassembly of section .init_array:

0000000000403dd0 <__frame_dummy_init_array_entry>:
  403dd0:	40 11 40 00          	rex adc %eax,0x0(%rax)
  403dd4:	00 00                	add    %al,(%rax)
	...

Disassembly of section .fini_array:

0000000000403dd8 <__do_global_dtors_aux_fini_array_entry>:
  403dd8:	10 11                	adc    %dl,(%rcx)
  403dda:	40 00 00             	rex add %al,(%rax)
  403ddd:	00 00                	add    %al,(%rax)
	...

Disassembly of section .dynamic:

0000000000403de0 <_DYNAMIC>:
  403de0:	01 00                	add    %eax,(%rax)
  403de2:	00 00                	add    %al,(%rax)
  403de4:	00 00                	add    %al,(%rax)
  403de6:	00 00                	add    %al,(%rax)
  403de8:	36 00 00             	ss add %al,(%rax)
  403deb:	00 00                	add    %al,(%rax)
  403ded:	00 00                	add    %al,(%rax)
  403def:	00 01                	add    %al,(%rcx)
  403df1:	00 00                	add    %al,(%rax)
  403df3:	00 00                	add    %al,(%rax)
  403df5:	00 00                	add    %al,(%rax)
  403df7:	00 45 00             	add    %al,0x0(%rbp)
  403dfa:	00 00                	add    %al,(%rax)
  403dfc:	00 00                	add    %al,(%rax)
  403dfe:	00 00                	add    %al,(%rax)
  403e00:	01 00                	add    %eax,(%rax)
  403e02:	00 00                	add    %al,(%rax)
  403e04:	00 00                	add    %al,(%rax)
  403e06:	00 00                	add    %al,(%rax)
  403e08:	4f 00 00             	rex.WRXB add %r8b,(%r8)
  403e0b:	00 00                	add    %al,(%rax)
  403e0d:	00 00                	add    %al,(%rax)
  403e0f:	00 01                	add    %al,(%rcx)
  403e11:	00 00                	add    %al,(%rax)
  403e13:	00 00                	add    %al,(%rax)
  403e15:	00 00                	add    %al,(%rax)
  403e17:	00 5d 00             	add    %bl,0x0(%rbp)
  403e1a:	00 00                	add    %al,(%rax)
  403e1c:	00 00                	add    %al,(%rax)
  403e1e:	00 00                	add    %al,(%rax)
  403e20:	0c 00                	or     $0x0,%al
  403e22:	00 00                	add    %al,(%rax)
  403e24:	00 00                	add    %al,(%rax)
  403e26:	00 00                	add    %al,(%rax)
  403e28:	00 10                	add    %dl,(%rax)
  403e2a:	40 00 00             	rex add %al,(%rax)
  403e2d:	00 00                	add    %al,(%rax)
  403e2f:	00 0d 00 00 00 00    	add    %cl,0x0(%rip)        # 403e35 <_DYNAMIC+0x55>
  403e35:	00 00                	add    %al,(%rax)
  403e37:	00 60 18             	add    %ah,0x18(%rax)
  403e3a:	40 00 00             	rex add %al,(%rax)
  403e3d:	00 00                	add    %al,(%rax)
  403e3f:	00 19                	add    %bl,(%rcx)
  403e41:	00 00                	add    %al,(%rax)
  403e43:	00 00                	add    %al,(%rax)
  403e45:	00 00                	add    %al,(%rax)
  403e47:	00 d0                	add    %dl,%al
  403e49:	3d 40 00 00 00       	cmp    $0x40,%eax
  403e4e:	00 00                	add    %al,(%rax)
  403e50:	1b 00                	sbb    (%rax),%eax
  403e52:	00 00                	add    %al,(%rax)
  403e54:	00 00                	add    %al,(%rax)
  403e56:	00 00                	add    %al,(%rax)
  403e58:	08 00                	or     %al,(%rax)
  403e5a:	00 00                	add    %al,(%rax)
  403e5c:	00 00                	add    %al,(%rax)
  403e5e:	00 00                	add    %al,(%rax)
  403e60:	1a 00                	sbb    (%rax),%al
  403e62:	00 00                	add    %al,(%rax)
  403e64:	00 00                	add    %al,(%rax)
  403e66:	00 00                	add    %al,(%rax)
  403e68:	d8 3d 40 00 00 00    	fdivrs 0x40(%rip)        # 403eae <_DYNAMIC+0xce>
  403e6e:	00 00                	add    %al,(%rax)
  403e70:	1c 00                	sbb    $0x0,%al
  403e72:	00 00                	add    %al,(%rax)
  403e74:	00 00                	add    %al,(%rax)
  403e76:	00 00                	add    %al,(%rax)
  403e78:	08 00                	or     %al,(%rax)
  403e7a:	00 00                	add    %al,(%rax)
  403e7c:	00 00                	add    %al,(%rax)
  403e7e:	00 00                	add    %al,(%rax)
  403e80:	04 00                	add    $0x0,%al
  403e82:	00 00                	add    %al,(%rax)
  403e84:	00 00                	add    %al,(%rax)
  403e86:	00 00                	add    %al,(%rax)
  403e88:	78 03                	js     403e8d <_DYNAMIC+0xad>
  403e8a:	40 00 00             	rex add %al,(%rax)
  403e8d:	00 00                	add    %al,(%rax)
  403e8f:	00 f5                	add    %dh,%ch
  403e91:	fe                   	(bad)  
  403e92:	ff 6f 00             	ljmp   *0x0(%rdi)
  403e95:	00 00                	add    %al,(%rax)
  403e97:	00 a8 03 40 00 00    	add    %ch,0x4003(%rax)
  403e9d:	00 00                	add    %al,(%rax)
  403e9f:	00 05 00 00 00 00    	add    %al,0x0(%rip)        # 403ea5 <_DYNAMIC+0xc5>
  403ea5:	00 00                	add    %al,(%rax)
  403ea7:	00 58 04             	add    %bl,0x4(%rax)
  403eaa:	40 00 00             	rex add %al,(%rax)
  403ead:	00 00                	add    %al,(%rax)
  403eaf:	00 06                	add    %al,(%rsi)
  403eb1:	00 00                	add    %al,(%rax)
  403eb3:	00 00                	add    %al,(%rax)
  403eb5:	00 00                	add    %al,(%rax)
  403eb7:	00 c8                	add    %cl,%al
  403eb9:	03 40 00             	add    0x0(%rax),%eax
  403ebc:	00 00                	add    %al,(%rax)
  403ebe:	00 00                	add    %al,(%rax)
  403ec0:	0a 00                	or     (%rax),%al
  403ec2:	00 00                	add    %al,(%rax)
  403ec4:	00 00                	add    %al,(%rax)
  403ec6:	00 00                	add    %al,(%rax)
  403ec8:	7e 00                	jle    403eca <_DYNAMIC+0xea>
  403eca:	00 00                	add    %al,(%rax)
  403ecc:	00 00                	add    %al,(%rax)
  403ece:	00 00                	add    %al,(%rax)
  403ed0:	0b 00                	or     (%rax),%eax
  403ed2:	00 00                	add    %al,(%rax)
  403ed4:	00 00                	add    %al,(%rax)
  403ed6:	00 00                	add    %al,(%rax)
  403ed8:	18 00                	sbb    %al,(%rax)
  403eda:	00 00                	add    %al,(%rax)
  403edc:	00 00                	add    %al,(%rax)
  403ede:	00 00                	add    %al,(%rax)
  403ee0:	15 00 00 00 00       	adc    $0x0,%eax
	...
  403eed:	00 00                	add    %al,(%rax)
  403eef:	00 03                	add    %al,(%rbx)
	...
  403ef9:	40                   	rex
  403efa:	40 00 00             	rex add %al,(%rax)
  403efd:	00 00                	add    %al,(%rax)
  403eff:	00 02                	add    %al,(%rdx)
  403f01:	00 00                	add    %al,(%rax)
  403f03:	00 00                	add    %al,(%rax)
  403f05:	00 00                	add    %al,(%rax)
  403f07:	00 48 00             	add    %cl,0x0(%rax)
  403f0a:	00 00                	add    %al,(%rax)
  403f0c:	00 00                	add    %al,(%rax)
  403f0e:	00 00                	add    %al,(%rax)
  403f10:	14 00                	adc    $0x0,%al
  403f12:	00 00                	add    %al,(%rax)
  403f14:	00 00                	add    %al,(%rax)
  403f16:	00 00                	add    %al,(%rax)
  403f18:	07                   	(bad)  
  403f19:	00 00                	add    %al,(%rax)
  403f1b:	00 00                	add    %al,(%rax)
  403f1d:	00 00                	add    %al,(%rax)
  403f1f:	00 17                	add    %dl,(%rdi)
  403f21:	00 00                	add    %al,(%rax)
  403f23:	00 00                	add    %al,(%rax)
  403f25:	00 00                	add    %al,(%rax)
  403f27:	00 48 05             	add    %cl,0x5(%rax)
  403f2a:	40 00 00             	rex add %al,(%rax)
  403f2d:	00 00                	add    %al,(%rax)
  403f2f:	00 07                	add    %al,(%rdi)
  403f31:	00 00                	add    %al,(%rax)
  403f33:	00 00                	add    %al,(%rax)
  403f35:	00 00                	add    %al,(%rax)
  403f37:	00 18                	add    %bl,(%rax)
  403f39:	05 40 00 00 00       	add    $0x40,%eax
  403f3e:	00 00                	add    %al,(%rax)
  403f40:	08 00                	or     %al,(%rax)
  403f42:	00 00                	add    %al,(%rax)
  403f44:	00 00                	add    %al,(%rax)
  403f46:	00 00                	add    %al,(%rax)
  403f48:	30 00                	xor    %al,(%rax)
  403f4a:	00 00                	add    %al,(%rax)
  403f4c:	00 00                	add    %al,(%rax)
  403f4e:	00 00                	add    %al,(%rax)
  403f50:	09 00                	or     %eax,(%rax)
  403f52:	00 00                	add    %al,(%rax)
  403f54:	00 00                	add    %al,(%rax)
  403f56:	00 00                	add    %al,(%rax)
  403f58:	18 00                	sbb    %al,(%rax)
  403f5a:	00 00                	add    %al,(%rax)
  403f5c:	00 00                	add    %al,(%rax)
  403f5e:	00 00                	add    %al,(%rax)
  403f60:	fe                   	(bad)  
  403f61:	ff                   	(bad)  
  403f62:	ff 6f 00             	ljmp   *0x0(%rdi)
  403f65:	00 00                	add    %al,(%rax)
  403f67:	00 e8                	add    %ch,%al
  403f69:	04 40                	add    $0x40,%al
  403f6b:	00 00                	add    %al,(%rax)
  403f6d:	00 00                	add    %al,(%rax)
  403f6f:	00 ff                	add    %bh,%bh
  403f71:	ff                   	(bad)  
  403f72:	ff 6f 00             	ljmp   *0x0(%rdi)
  403f75:	00 00                	add    %al,(%rax)
  403f77:	00 01                	add    %al,(%rcx)
  403f79:	00 00                	add    %al,(%rax)
  403f7b:	00 00                	add    %al,(%rax)
  403f7d:	00 00                	add    %al,(%rax)
  403f7f:	00 f0                	add    %dh,%al
  403f81:	ff                   	(bad)  
  403f82:	ff 6f 00             	ljmp   *0x0(%rdi)
  403f85:	00 00                	add    %al,(%rax)
  403f87:	00 d6                	add    %dl,%dh
  403f89:	04 40                	add    $0x40,%al
	...

Disassembly of section .got:

0000000000403ff0 <.got>:
	...

Disassembly of section .got.plt:

0000000000404000 <_GLOBAL_OFFSET_TABLE_>:
  404000:	e0 3d                	loopne 40403f <__dso_handle+0x7>
  404002:	40 00 00             	rex add %al,(%rax)
	...
  404015:	00 00                	add    %al,(%rax)
  404017:	00 36                	add    %dh,(%rsi)
  404019:	10 40 00             	adc    %al,0x0(%rax)
  40401c:	00 00                	add    %al,(%rax)
  40401e:	00 00                	add    %al,(%rax)
  404020:	46 10 40 00          	rex.RX adc %r8b,0x0(%rax)
  404024:	00 00                	add    %al,(%rax)
  404026:	00 00                	add    %al,(%rax)
  404028:	56                   	push   %rsi
  404029:	10 40 00             	adc    %al,0x0(%rax)
  40402c:	00 00                	add    %al,(%rax)
	...

Disassembly of section .data:

0000000000404030 <__data_start>:
	...

0000000000404038 <__dso_handle>:
	...

Disassembly of section .bss:

0000000000404040 <completed.0>:
	...

Disassembly of section .comment:

0000000000000000 <.comment>:
   0:	47                   	rex.RXB
   1:	43                   	rex.XB
   2:	43 3a 20             	rex.XB cmp (%r8),%spl
   5:	28 47 4e             	sub    %al,0x4e(%rdi)
   8:	55                   	push   %rbp
   9:	29 20                	sub    %esp,(%rax)
   b:	31 34 2e             	xor    %esi,(%rsi,%rbp,1)
   e:	30 2e                	xor    %ch,(%rsi)
  10:	30 20                	xor    %ah,(%rax)
  12:	32 30                	xor    (%rax),%dh
  14:	32 33                	xor    (%rbx),%dh
  16:	30 37                	xor    %dh,(%rdi)
  18:	31 31                	xor    %esi,(%rcx)
  1a:	20 28                	and    %ch,(%rax)
  1c:	65 78 70             	gs js  8f <__abi_tag-0x4002c9>
  1f:	65 72 69             	gs jb  8b <__abi_tag-0x4002cd>
  22:	6d                   	insl   (%dx),%es:(%rdi)
  23:	65 6e                	outsb  %gs:(%rsi),(%dx)
  25:	74 61                	je     88 <__abi_tag-0x4002d0>
  27:	6c                   	insb   (%dx),%es:(%rdi)
  28:	29 00                	sub    %eax,(%rax)
